[21:41:47.350] Logger initialized
[21:41:47.352] SetFocusables: 1 focusable widgets collected
[21:41:47.352]   [0] ID="simple-string-list" Type=*terma.List[string]
[21:41:47.352] SetFocusables: auto-focusing first widget "simple-string-list"
[21:41:47.353] Render complete in 1.487ms, 11 widgets registered
[21:41:47.353] SetFocusables: 1 focusable widgets collected
[21:41:47.354]   [0] ID="simple-string-list" Type=*terma.List[string]
[21:41:47.354] Render complete in 1.087ms, 11 widgets registered
[21:41:47.354] Unhandled event: uv.WindowPixelSizeEvent {1602 1433}
[21:41:47.914] HandleKey: received key "j"
[21:41:47.915] HandleKey: focused widget is "simple-string-list" (*terma.List[string]), 1 ancestors in chain
[21:41:47.915] HandleKey: calling OnKey on focused widget "simple-string-list"
[21:41:47.915] HandleKey: key "j" handled by OnKey on focused widget "simple-string-list"
[21:41:47.915] SetFocusables: 1 focusable widgets collected
[21:41:47.915]   [0] ID="simple-string-list" Type=*terma.List[string]
[21:41:47.916] Render complete in 1.434ms, 11 widgets registered
[21:41:48.164] HandleKey: received key "j"
[21:41:48.164] HandleKey: focused widget is "simple-string-list" (*terma.List[string]), 1 ancestors in chain
[21:41:48.164] HandleKey: calling OnKey on focused widget "simple-string-list"
[21:41:48.164] HandleKey: key "j" handled by OnKey on focused widget "simple-string-list"
[21:41:48.165] SetFocusables: 1 focusable widgets collected
[21:41:48.165]   [0] ID="simple-string-list" Type=*terma.List[string]
[21:41:48.166] Render complete in 1.590ms, 11 widgets registered
[21:41:48.197] HandleKey: received key "j"
[21:41:48.197] HandleKey: focused widget is "simple-string-list" (*terma.List[string]), 1 ancestors in chain
[21:41:48.197] HandleKey: calling OnKey on focused widget "simple-string-list"
[21:41:48.197] HandleKey: key "j" handled by OnKey on focused widget "simple-string-list"
[21:41:48.197] SetFocusables: 1 focusable widgets collected
[21:41:48.197]   [0] ID="simple-string-list" Type=*terma.List[string]
[21:41:48.198] Render complete in 1.566ms, 11 widgets registered
[21:41:48.230] HandleKey: received key "j"
[21:41:48.230] HandleKey: focused widget is "simple-string-list" (*terma.List[string]), 1 ancestors in chain
[21:41:48.231] HandleKey: calling OnKey on focused widget "simple-string-list"
[21:41:48.231] HandleKey: key "j" handled by OnKey on focused widget "simple-string-list"
[21:41:48.231] SetFocusables: 1 focusable widgets collected
[21:41:48.231]   [0] ID="simple-string-list" Type=*terma.List[string]
[21:41:48.232] Render complete in 1.081ms, 11 widgets registered
[21:41:48.262] HandleKey: received key "j"
[21:41:48.262] HandleKey: focused widget is "simple-string-list" (*terma.List[string]), 1 ancestors in chain
[21:41:48.262] HandleKey: calling OnKey on focused widget "simple-string-list"
[21:41:48.262] HandleKey: key "j" handled by OnKey on focused widget "simple-string-list"
[21:41:48.263] SetFocusables: 1 focusable widgets collected
[21:41:48.263]   [0] ID="simple-string-list" Type=*terma.List[string]
[21:41:48.263] Render complete in 0.851ms, 11 widgets registered
[21:41:48.297] HandleKey: received key "j"
[21:41:48.297] HandleKey: focused widget is "simple-string-list" (*terma.List[string]), 1 ancestors in chain
[21:41:48.297] HandleKey: calling OnKey on focused widget "simple-string-list"
[21:41:48.297] HandleKey: key "j" handled by OnKey on focused widget "simple-string-list"
[21:41:48.297] SetFocusables: 1 focusable widgets collected
[21:41:48.297]   [0] ID="simple-string-list" Type=*terma.List[string]
[21:41:48.298] Render complete in 0.871ms, 11 widgets registered
[21:41:48.329] HandleKey: received key "j"
[21:41:48.329] HandleKey: focused widget is "simple-string-list" (*terma.List[string]), 1 ancestors in chain
[21:41:48.329] HandleKey: calling OnKey on focused widget "simple-string-list"
[21:41:48.329] HandleKey: key "j" handled by OnKey on focused widget "simple-string-list"
[21:41:48.329] SetFocusables: 1 focusable widgets collected
[21:41:48.329]   [0] ID="simple-string-list" Type=*terma.List[string]
[21:41:48.330] Render complete in 0.890ms, 11 widgets registered
[21:41:48.362] HandleKey: received key "j"
[21:41:48.362] HandleKey: focused widget is "simple-string-list" (*terma.List[string]), 1 ancestors in chain
[21:41:48.362] HandleKey: calling OnKey on focused widget "simple-string-list"
[21:41:48.362] HandleKey: key "j" handled by OnKey on focused widget "simple-string-list"
[21:41:48.363] SetFocusables: 1 focusable widgets collected
[21:41:48.363]   [0] ID="simple-string-list" Type=*terma.List[string]
[21:41:48.363] Render complete in 0.880ms, 11 widgets registered
[21:41:48.396] HandleKey: received key "j"
[21:41:48.396] HandleKey: focused widget is "simple-string-list" (*terma.List[string]), 1 ancestors in chain
[21:41:48.396] HandleKey: calling OnKey on focused widget "simple-string-list"
[21:41:48.396] HandleKey: key "j" handled by OnKey on focused widget "simple-string-list"
[21:41:48.396] SetFocusables: 1 focusable widgets collected
[21:41:48.396]   [0] ID="simple-string-list" Type=*terma.List[string]
[21:41:48.396] Render complete in 0.840ms, 11 widgets registered
[21:41:48.429] HandleKey: received key "j"
[21:41:48.429] HandleKey: focused widget is "simple-string-list" (*terma.List[string]), 1 ancestors in chain
[21:41:48.429] HandleKey: calling OnKey on focused widget "simple-string-list"
[21:41:48.429] HandleKey: key "j" handled by OnKey on focused widget "simple-string-list"
[21:41:48.429] SetFocusables: 1 focusable widgets collected
[21:41:48.429]   [0] ID="simple-string-list" Type=*terma.List[string]
[21:41:48.429] Render complete in 0.822ms, 11 widgets registered
[21:41:48.463] HandleKey: received key "j"
[21:41:48.463] HandleKey: focused widget is "simple-string-list" (*terma.List[string]), 1 ancestors in chain
[21:41:48.463] HandleKey: calling OnKey on focused widget "simple-string-list"
[21:41:48.463] HandleKey: key "j" handled by OnKey on focused widget "simple-string-list"
[21:41:48.463] SetFocusables: 1 focusable widgets collected
[21:41:48.463]   [0] ID="simple-string-list" Type=*terma.List[string]
[21:41:48.464] Render complete in 0.869ms, 11 widgets registered
[21:41:48.496] HandleKey: received key "j"
[21:41:48.496] HandleKey: focused widget is "simple-string-list" (*terma.List[string]), 1 ancestors in chain
[21:41:48.496] HandleKey: calling OnKey on focused widget "simple-string-list"
[21:41:48.496] HandleKey: key "j" handled by OnKey on focused widget "simple-string-list"
[21:41:48.496] SetFocusables: 1 focusable widgets collected
[21:41:48.496]   [0] ID="simple-string-list" Type=*terma.List[string]
[21:41:48.496] Render complete in 0.803ms, 11 widgets registered
[21:41:48.529] HandleKey: received key "j"
[21:41:48.529] HandleKey: focused widget is "simple-string-list" (*terma.List[string]), 1 ancestors in chain
[21:41:48.529] HandleKey: calling OnKey on focused widget "simple-string-list"
[21:41:48.529] HandleKey: key "j" handled by OnKey on focused widget "simple-string-list"
[21:41:48.529] SetFocusables: 1 focusable widgets collected
[21:41:48.529]   [0] ID="simple-string-list" Type=*terma.List[string]
[21:41:48.530] Render complete in 0.668ms, 11 widgets registered
[21:41:48.563] HandleKey: received key "j"
[21:41:48.563] HandleKey: focused widget is "simple-string-list" (*terma.List[string]), 1 ancestors in chain
[21:41:48.563] HandleKey: calling OnKey on focused widget "simple-string-list"
[21:41:48.563] HandleKey: key "j" handled by OnKey on focused widget "simple-string-list"
[21:41:48.563] SetFocusables: 1 focusable widgets collected
[21:41:48.563]   [0] ID="simple-string-list" Type=*terma.List[string]
[21:41:48.564] Render complete in 0.613ms, 11 widgets registered
[21:41:48.595] HandleKey: received key "j"
[21:41:48.595] HandleKey: focused widget is "simple-string-list" (*terma.List[string]), 1 ancestors in chain
[21:41:48.595] HandleKey: calling OnKey on focused widget "simple-string-list"
[21:41:48.595] HandleKey: key "j" handled by OnKey on focused widget "simple-string-list"
[21:41:48.596] SetFocusables: 1 focusable widgets collected
[21:41:48.596]   [0] ID="simple-string-list" Type=*terma.List[string]
[21:41:48.596] Render complete in 0.654ms, 11 widgets registered
[21:41:48.629] HandleKey: received key "j"
[21:41:48.629] HandleKey: focused widget is "simple-string-list" (*terma.List[string]), 1 ancestors in chain
[21:41:48.629] HandleKey: calling OnKey on focused widget "simple-string-list"
[21:41:48.629] HandleKey: key "j" handled by OnKey on focused widget "simple-string-list"
[21:41:48.629] SetFocusables: 1 focusable widgets collected
[21:41:48.629]   [0] ID="simple-string-list" Type=*terma.List[string]
[21:41:48.629] Render complete in 0.624ms, 11 widgets registered
[21:41:48.663] HandleKey: received key "j"
[21:41:48.663] HandleKey: focused widget is "simple-string-list" (*terma.List[string]), 1 ancestors in chain
[21:41:48.663] HandleKey: calling OnKey on focused widget "simple-string-list"
[21:41:48.663] HandleKey: key "j" handled by OnKey on focused widget "simple-string-list"
[21:41:48.663] SetFocusables: 1 focusable widgets collected
[21:41:48.663]   [0] ID="simple-string-list" Type=*terma.List[string]
[21:41:48.664] Render complete in 0.700ms, 11 widgets registered
[21:41:48.696] HandleKey: received key "j"
[21:41:48.696] HandleKey: focused widget is "simple-string-list" (*terma.List[string]), 1 ancestors in chain
[21:41:48.696] HandleKey: calling OnKey on focused widget "simple-string-list"
[21:41:48.696] HandleKey: key "j" handled by OnKey on focused widget "simple-string-list"
[21:41:48.696] SetFocusables: 1 focusable widgets collected
[21:41:48.696]   [0] ID="simple-string-list" Type=*terma.List[string]
[21:41:48.697] Render complete in 0.709ms, 11 widgets registered
[21:41:48.730] HandleKey: received key "j"
[21:41:48.730] HandleKey: focused widget is "simple-string-list" (*terma.List[string]), 1 ancestors in chain
[21:41:48.730] HandleKey: calling OnKey on focused widget "simple-string-list"
[21:41:48.730] HandleKey: key "j" handled by OnKey on focused widget "simple-string-list"
[21:41:48.730] SetFocusables: 1 focusable widgets collected
[21:41:48.730]   [0] ID="simple-string-list" Type=*terma.List[string]
[21:41:48.731] Render complete in 0.723ms, 11 widgets registered
[21:41:48.794] HandleKey: received key "k"
[21:41:48.794] HandleKey: focused widget is "simple-string-list" (*terma.List[string]), 1 ancestors in chain
[21:41:48.794] HandleKey: calling OnKey on focused widget "simple-string-list"
[21:41:48.794] HandleKey: key "k" handled by OnKey on focused widget "simple-string-list"
[21:41:48.794] SetFocusables: 1 focusable widgets collected
[21:41:48.794]   [0] ID="simple-string-list" Type=*terma.List[string]
[21:41:48.795] Render complete in 0.761ms, 11 widgets registered
[21:41:49.045] HandleKey: received key "k"
[21:41:49.045] HandleKey: focused widget is "simple-string-list" (*terma.List[string]), 1 ancestors in chain
[21:41:49.045] HandleKey: calling OnKey on focused widget "simple-string-list"
[21:41:49.045] HandleKey: key "k" handled by OnKey on focused widget "simple-string-list"
[21:41:49.045] SetFocusables: 1 focusable widgets collected
[21:41:49.045]   [0] ID="simple-string-list" Type=*terma.List[string]
[21:41:49.046] Render complete in 0.435ms, 11 widgets registered
[21:41:49.080] HandleKey: received key "k"
[21:41:49.080] HandleKey: focused widget is "simple-string-list" (*terma.List[string]), 1 ancestors in chain
[21:41:49.080] HandleKey: calling OnKey on focused widget "simple-string-list"
[21:41:49.080] HandleKey: key "k" handled by OnKey on focused widget "simple-string-list"
[21:41:49.080] SetFocusables: 1 focusable widgets collected
[21:41:49.080]   [0] ID="simple-string-list" Type=*terma.List[string]
[21:41:49.081] Render complete in 0.883ms, 11 widgets registered
[21:41:49.113] HandleKey: received key "k"
[21:41:49.113] HandleKey: focused widget is "simple-string-list" (*terma.List[string]), 1 ancestors in chain
[21:41:49.113] HandleKey: calling OnKey on focused widget "simple-string-list"
[21:41:49.113] HandleKey: key "k" handled by OnKey on focused widget "simple-string-list"
[21:41:49.113] SetFocusables: 1 focusable widgets collected
[21:41:49.113]   [0] ID="simple-string-list" Type=*terma.List[string]
[21:41:49.114] Render complete in 1.046ms, 11 widgets registered
[21:41:49.146] HandleKey: received key "k"
[21:41:49.146] HandleKey: focused widget is "simple-string-list" (*terma.List[string]), 1 ancestors in chain
[21:41:49.146] HandleKey: calling OnKey on focused widget "simple-string-list"
[21:41:49.146] HandleKey: key "k" handled by OnKey on focused widget "simple-string-list"
[21:41:49.146] SetFocusables: 1 focusable widgets collected
[21:41:49.146]   [0] ID="simple-string-list" Type=*terma.List[string]
[21:41:49.147] Render complete in 0.871ms, 11 widgets registered
[21:41:49.179] HandleKey: received key "k"
[21:41:49.179] HandleKey: focused widget is "simple-string-list" (*terma.List[string]), 1 ancestors in chain
[21:41:49.179] HandleKey: calling OnKey on focused widget "simple-string-list"
[21:41:49.179] HandleKey: key "k" handled by OnKey on focused widget "simple-string-list"
[21:41:49.179] SetFocusables: 1 focusable widgets collected
[21:41:49.179]   [0] ID="simple-string-list" Type=*terma.List[string]
[21:41:49.180] Render complete in 0.876ms, 11 widgets registered
[21:41:49.212] HandleKey: received key "k"
[21:41:49.212] HandleKey: focused widget is "simple-string-list" (*terma.List[string]), 1 ancestors in chain
[21:41:49.212] HandleKey: calling OnKey on focused widget "simple-string-list"
[21:41:49.212] HandleKey: key "k" handled by OnKey on focused widget "simple-string-list"
[21:41:49.212] SetFocusables: 1 focusable widgets collected
[21:41:49.212]   [0] ID="simple-string-list" Type=*terma.List[string]
[21:41:49.213] Render complete in 0.815ms, 11 widgets registered
[21:41:49.245] HandleKey: received key "k"
[21:41:49.245] HandleKey: focused widget is "simple-string-list" (*terma.List[string]), 1 ancestors in chain
[21:41:49.245] HandleKey: calling OnKey on focused widget "simple-string-list"
[21:41:49.245] HandleKey: key "k" handled by OnKey on focused widget "simple-string-list"
[21:41:49.246] SetFocusables: 1 focusable widgets collected
[21:41:49.246]   [0] ID="simple-string-list" Type=*terma.List[string]
[21:41:49.246] Render complete in 0.826ms, 11 widgets registered
[21:41:49.280] HandleKey: received key "k"
[21:41:49.280] HandleKey: focused widget is "simple-string-list" (*terma.List[string]), 1 ancestors in chain
[21:41:49.280] HandleKey: calling OnKey on focused widget "simple-string-list"
[21:41:49.280] HandleKey: key "k" handled by OnKey on focused widget "simple-string-list"
[21:41:49.280] SetFocusables: 1 focusable widgets collected
[21:41:49.280]   [0] ID="simple-string-list" Type=*terma.List[string]
[21:41:49.281] Render complete in 0.846ms, 11 widgets registered
[21:41:49.313] HandleKey: received key "k"
[21:41:49.313] HandleKey: focused widget is "simple-string-list" (*terma.List[string]), 1 ancestors in chain
[21:41:49.313] HandleKey: calling OnKey on focused widget "simple-string-list"
[21:41:49.313] HandleKey: key "k" handled by OnKey on focused widget "simple-string-list"
[21:41:49.314] SetFocusables: 1 focusable widgets collected
[21:41:49.314]   [0] ID="simple-string-list" Type=*terma.List[string]
[21:41:49.314] Render complete in 0.974ms, 11 widgets registered
[21:41:49.346] HandleKey: received key "k"
[21:41:49.346] HandleKey: focused widget is "simple-string-list" (*terma.List[string]), 1 ancestors in chain
[21:41:49.346] HandleKey: calling OnKey on focused widget "simple-string-list"
[21:41:49.346] HandleKey: key "k" handled by OnKey on focused widget "simple-string-list"
[21:41:49.346] SetFocusables: 1 focusable widgets collected
[21:41:49.346]   [0] ID="simple-string-list" Type=*terma.List[string]
[21:41:49.347] Render complete in 0.953ms, 11 widgets registered
[21:41:49.379] HandleKey: received key "k"
[21:41:49.379] HandleKey: focused widget is "simple-string-list" (*terma.List[string]), 1 ancestors in chain
[21:41:49.379] HandleKey: calling OnKey on focused widget "simple-string-list"
[21:41:49.379] HandleKey: key "k" handled by OnKey on focused widget "simple-string-list"
[21:41:49.379] SetFocusables: 1 focusable widgets collected
[21:41:49.379]   [0] ID="simple-string-list" Type=*terma.List[string]
[21:41:49.380] Render complete in 1.019ms, 11 widgets registered
[21:41:49.413] HandleKey: received key "k"
[21:41:49.413] HandleKey: focused widget is "simple-string-list" (*terma.List[string]), 1 ancestors in chain
[21:41:49.413] HandleKey: calling OnKey on focused widget "simple-string-list"
[21:41:49.413] HandleKey: key "k" handled by OnKey on focused widget "simple-string-list"
[21:41:49.413] SetFocusables: 1 focusable widgets collected
[21:41:49.413]   [0] ID="simple-string-list" Type=*terma.List[string]
[21:41:49.414] Render complete in 0.993ms, 11 widgets registered
[21:41:49.447] HandleKey: received key "k"
[21:41:49.447] HandleKey: focused widget is "simple-string-list" (*terma.List[string]), 1 ancestors in chain
[21:41:49.447] HandleKey: calling OnKey on focused widget "simple-string-list"
[21:41:49.447] HandleKey: key "k" handled by OnKey on focused widget "simple-string-list"
[21:41:49.448] SetFocusables: 1 focusable widgets collected
[21:41:49.448]   [0] ID="simple-string-list" Type=*terma.List[string]
[21:41:49.449] Render complete in 1.391ms, 11 widgets registered
[21:41:49.455] HandleKey: received key "j"
[21:41:49.455] HandleKey: focused widget is "simple-string-list" (*terma.List[string]), 1 ancestors in chain
[21:41:49.455] HandleKey: calling OnKey on focused widget "simple-string-list"
[21:41:49.455] HandleKey: key "j" handled by OnKey on focused widget "simple-string-list"
[21:41:49.455] SetFocusables: 1 focusable widgets collected
[21:41:49.455]   [0] ID="simple-string-list" Type=*terma.List[string]
[21:41:49.456] Render complete in 1.024ms, 11 widgets registered
[21:41:49.710] HandleKey: received key "j"
[21:41:49.710] HandleKey: focused widget is "simple-string-list" (*terma.List[string]), 1 ancestors in chain
[21:41:49.710] HandleKey: calling OnKey on focused widget "simple-string-list"
[21:41:49.710] HandleKey: key "j" handled by OnKey on focused widget "simple-string-list"
[21:41:49.710] SetFocusables: 1 focusable widgets collected
[21:41:49.711]   [0] ID="simple-string-list" Type=*terma.List[string]
[21:41:49.712] Render complete in 1.909ms, 11 widgets registered
[21:41:49.745] HandleKey: received key "j"
[21:41:49.745] HandleKey: focused widget is "simple-string-list" (*terma.List[string]), 1 ancestors in chain
[21:41:49.745] HandleKey: calling OnKey on focused widget "simple-string-list"
[21:41:49.745] HandleKey: key "j" handled by OnKey on focused widget "simple-string-list"
[21:41:49.745] SetFocusables: 1 focusable widgets collected
[21:41:49.745]   [0] ID="simple-string-list" Type=*terma.List[string]
[21:41:49.746] Render complete in 1.157ms, 11 widgets registered
[21:41:49.778] HandleKey: received key "j"
[21:41:49.778] HandleKey: focused widget is "simple-string-list" (*terma.List[string]), 1 ancestors in chain
[21:41:49.778] HandleKey: calling OnKey on focused widget "simple-string-list"
[21:41:49.778] HandleKey: key "j" handled by OnKey on focused widget "simple-string-list"
[21:41:49.778] SetFocusables: 1 focusable widgets collected
[21:41:49.778]   [0] ID="simple-string-list" Type=*terma.List[string]
[21:41:49.779] Render complete in 1.096ms, 11 widgets registered
[21:41:49.809] HandleKey: received key "j"
[21:41:49.809] HandleKey: focused widget is "simple-string-list" (*terma.List[string]), 1 ancestors in chain
[21:41:49.810] HandleKey: calling OnKey on focused widget "simple-string-list"
[21:41:49.810] HandleKey: key "j" handled by OnKey on focused widget "simple-string-list"
[21:41:49.810] SetFocusables: 1 focusable widgets collected
[21:41:49.810]   [0] ID="simple-string-list" Type=*terma.List[string]
[21:41:49.811] Render complete in 1.030ms, 11 widgets registered
[21:41:49.843] HandleKey: received key "j"
[21:41:49.843] HandleKey: focused widget is "simple-string-list" (*terma.List[string]), 1 ancestors in chain
[21:41:49.843] HandleKey: calling OnKey on focused widget "simple-string-list"
[21:41:49.843] HandleKey: key "j" handled by OnKey on focused widget "simple-string-list"
[21:41:49.843] SetFocusables: 1 focusable widgets collected
[21:41:49.843]   [0] ID="simple-string-list" Type=*terma.List[string]
[21:41:49.844] Render complete in 1.020ms, 11 widgets registered
[21:41:49.877] HandleKey: received key "j"
[21:41:49.877] HandleKey: focused widget is "simple-string-list" (*terma.List[string]), 1 ancestors in chain
[21:41:49.877] HandleKey: calling OnKey on focused widget "simple-string-list"
[21:41:49.877] HandleKey: key "j" handled by OnKey on focused widget "simple-string-list"
[21:41:49.877] SetFocusables: 1 focusable widgets collected
[21:41:49.877]   [0] ID="simple-string-list" Type=*terma.List[string]
[21:41:49.878] Render complete in 0.983ms, 11 widgets registered
[21:41:49.910] HandleKey: received key "j"
[21:41:49.910] HandleKey: focused widget is "simple-string-list" (*terma.List[string]), 1 ancestors in chain
[21:41:49.910] HandleKey: calling OnKey on focused widget "simple-string-list"
[21:41:49.910] HandleKey: key "j" handled by OnKey on focused widget "simple-string-list"
[21:41:49.910] SetFocusables: 1 focusable widgets collected
[21:41:49.910]   [0] ID="simple-string-list" Type=*terma.List[string]
[21:41:49.911] Render complete in 1.036ms, 11 widgets registered
[21:41:49.945] HandleKey: received key "j"
[21:41:49.945] HandleKey: focused widget is "simple-string-list" (*terma.List[string]), 1 ancestors in chain
[21:41:49.945] HandleKey: calling OnKey on focused widget "simple-string-list"
[21:41:49.945] HandleKey: key "j" handled by OnKey on focused widget "simple-string-list"
[21:41:49.945] SetFocusables: 1 focusable widgets collected
[21:41:49.945]   [0] ID="simple-string-list" Type=*terma.List[string]
[21:41:49.946] Render complete in 0.977ms, 11 widgets registered
[21:41:49.997] HandleKey: received key "k"
[21:41:49.998] HandleKey: focused widget is "simple-string-list" (*terma.List[string]), 1 ancestors in chain
[21:41:49.998] HandleKey: calling OnKey on focused widget "simple-string-list"
[21:41:49.998] HandleKey: key "k" handled by OnKey on focused widget "simple-string-list"
[21:41:49.998] SetFocusables: 1 focusable widgets collected
[21:41:49.998]   [0] ID="simple-string-list" Type=*terma.List[string]
[21:41:49.999] Render complete in 0.997ms, 11 widgets registered
[21:41:50.251] HandleKey: received key "k"
[21:41:50.252] HandleKey: focused widget is "simple-string-list" (*terma.List[string]), 1 ancestors in chain
[21:41:50.252] HandleKey: calling OnKey on focused widget "simple-string-list"
[21:41:50.252] HandleKey: key "k" handled by OnKey on focused widget "simple-string-list"
[21:41:50.252] SetFocusables: 1 focusable widgets collected
[21:41:50.252]   [0] ID="simple-string-list" Type=*terma.List[string]
[21:41:50.254] Render complete in 1.840ms, 11 widgets registered
[21:41:50.286] HandleKey: received key "k"
[21:41:50.286] HandleKey: focused widget is "simple-string-list" (*terma.List[string]), 1 ancestors in chain
[21:41:50.286] HandleKey: calling OnKey on focused widget "simple-string-list"
[21:41:50.286] HandleKey: key "k" handled by OnKey on focused widget "simple-string-list"
[21:41:50.287] SetFocusables: 1 focusable widgets collected
[21:41:50.287]   [0] ID="simple-string-list" Type=*terma.List[string]
[21:41:50.288] Render complete in 1.986ms, 11 widgets registered
[21:41:50.317] HandleKey: received key "k"
[21:41:50.317] HandleKey: focused widget is "simple-string-list" (*terma.List[string]), 1 ancestors in chain
[21:41:50.317] HandleKey: calling OnKey on focused widget "simple-string-list"
[21:41:50.317] HandleKey: key "k" handled by OnKey on focused widget "simple-string-list"
[21:41:50.318] SetFocusables: 1 focusable widgets collected
[21:41:50.318]   [0] ID="simple-string-list" Type=*terma.List[string]
[21:41:50.319] Render complete in 1.112ms, 11 widgets registered
[21:41:50.351] HandleKey: received key "k"
[21:41:50.351] HandleKey: focused widget is "simple-string-list" (*terma.List[string]), 1 ancestors in chain
[21:41:50.351] HandleKey: calling OnKey on focused widget "simple-string-list"
[21:41:50.351] HandleKey: key "k" handled by OnKey on focused widget "simple-string-list"
[21:41:50.351] SetFocusables: 1 focusable widgets collected
[21:41:50.351]   [0] ID="simple-string-list" Type=*terma.List[string]
[21:41:50.352] Render complete in 1.040ms, 11 widgets registered
[21:41:50.385] HandleKey: received key "k"
[21:41:50.385] HandleKey: focused widget is "simple-string-list" (*terma.List[string]), 1 ancestors in chain
[21:41:50.385] HandleKey: calling OnKey on focused widget "simple-string-list"
[21:41:50.385] HandleKey: key "k" handled by OnKey on focused widget "simple-string-list"
[21:41:50.385] SetFocusables: 1 focusable widgets collected
[21:41:50.385]   [0] ID="simple-string-list" Type=*terma.List[string]
[21:41:50.386] Render complete in 1.063ms, 11 widgets registered
[21:41:50.419] HandleKey: received key "k"
[21:41:50.419] HandleKey: focused widget is "simple-string-list" (*terma.List[string]), 1 ancestors in chain
[21:41:50.419] HandleKey: calling OnKey on focused widget "simple-string-list"
[21:41:50.419] HandleKey: key "k" handled by OnKey on focused widget "simple-string-list"
[21:41:50.419] SetFocusables: 1 focusable widgets collected
[21:41:50.419]   [0] ID="simple-string-list" Type=*terma.List[string]
[21:41:50.420] Render complete in 1.011ms, 11 widgets registered
[21:41:50.453] HandleKey: received key "k"
[21:41:50.453] HandleKey: focused widget is "simple-string-list" (*terma.List[string]), 1 ancestors in chain
[21:41:50.453] HandleKey: calling OnKey on focused widget "simple-string-list"
[21:41:50.453] HandleKey: key "k" handled by OnKey on focused widget "simple-string-list"
[21:41:50.454] SetFocusables: 1 focusable widgets collected
[21:41:50.454]   [0] ID="simple-string-list" Type=*terma.List[string]
[21:41:50.455] Render complete in 1.069ms, 11 widgets registered
[21:41:50.486] HandleKey: received key "k"
[21:41:50.486] HandleKey: focused widget is "simple-string-list" (*terma.List[string]), 1 ancestors in chain
[21:41:50.486] HandleKey: calling OnKey on focused widget "simple-string-list"
[21:41:50.486] HandleKey: key "k" handled by OnKey on focused widget "simple-string-list"
[21:41:50.486] SetFocusables: 1 focusable widgets collected
[21:41:50.486]   [0] ID="simple-string-list" Type=*terma.List[string]
[21:41:50.487] Render complete in 0.975ms, 11 widgets registered
[21:41:50.565] HandleKey: received key "j"
[21:41:50.565] HandleKey: focused widget is "simple-string-list" (*terma.List[string]), 1 ancestors in chain
[21:41:50.565] HandleKey: calling OnKey on focused widget "simple-string-list"
[21:41:50.565] HandleKey: key "j" handled by OnKey on focused widget "simple-string-list"
[21:41:50.565] SetFocusables: 1 focusable widgets collected
[21:41:50.565]   [0] ID="simple-string-list" Type=*terma.List[string]
[21:41:50.566] Render complete in 1.022ms, 11 widgets registered
[21:41:50.820] HandleKey: received key "j"
[21:41:50.820] HandleKey: focused widget is "simple-string-list" (*terma.List[string]), 1 ancestors in chain
[21:41:50.820] HandleKey: calling OnKey on focused widget "simple-string-list"
[21:41:50.820] HandleKey: key "j" handled by OnKey on focused widget "simple-string-list"
[21:41:50.821] SetFocusables: 1 focusable widgets collected
[21:41:50.821]   [0] ID="simple-string-list" Type=*terma.List[string]
[21:41:50.822] Render complete in 1.371ms, 11 widgets registered
[21:41:50.852] HandleKey: received key "j"
[21:41:50.852] HandleKey: focused widget is "simple-string-list" (*terma.List[string]), 1 ancestors in chain
[21:41:50.852] HandleKey: calling OnKey on focused widget "simple-string-list"
[21:41:50.852] HandleKey: key "j" handled by OnKey on focused widget "simple-string-list"
[21:41:50.853] SetFocusables: 1 focusable widgets collected
[21:41:50.853]   [0] ID="simple-string-list" Type=*terma.List[string]
[21:41:50.854] Render complete in 1.248ms, 11 widgets registered
[21:41:50.885] HandleKey: received key "j"
[21:41:50.885] HandleKey: focused widget is "simple-string-list" (*terma.List[string]), 1 ancestors in chain
[21:41:50.885] HandleKey: calling OnKey on focused widget "simple-string-list"
[21:41:50.885] HandleKey: key "j" handled by OnKey on focused widget "simple-string-list"
[21:41:50.885] SetFocusables: 1 focusable widgets collected
[21:41:50.885]   [0] ID="simple-string-list" Type=*terma.List[string]
[21:41:50.886] Render complete in 1.176ms, 11 widgets registered
[21:41:50.919] HandleKey: received key "j"
[21:41:50.919] HandleKey: focused widget is "simple-string-list" (*terma.List[string]), 1 ancestors in chain
[21:41:50.919] HandleKey: calling OnKey on focused widget "simple-string-list"
[21:41:50.919] HandleKey: key "j" handled by OnKey on focused widget "simple-string-list"
[21:41:50.919] SetFocusables: 1 focusable widgets collected
[21:41:50.919]   [0] ID="simple-string-list" Type=*terma.List[string]
[21:41:50.920] Render complete in 1.026ms, 11 widgets registered
[21:41:50.952] HandleKey: received key "j"
[21:41:50.952] HandleKey: focused widget is "simple-string-list" (*terma.List[string]), 1 ancestors in chain
[21:41:50.952] HandleKey: calling OnKey on focused widget "simple-string-list"
[21:41:50.952] HandleKey: key "j" handled by OnKey on focused widget "simple-string-list"
[21:41:50.952] SetFocusables: 1 focusable widgets collected
[21:41:50.952]   [0] ID="simple-string-list" Type=*terma.List[string]
[21:41:50.953] Render complete in 1.058ms, 11 widgets registered
[21:41:50.983] HandleKey: received key "j"
[21:41:50.983] HandleKey: focused widget is "simple-string-list" (*terma.List[string]), 1 ancestors in chain
[21:41:50.983] HandleKey: calling OnKey on focused widget "simple-string-list"
[21:41:50.983] HandleKey: key "j" handled by OnKey on focused widget "simple-string-list"
[21:41:50.983] SetFocusables: 1 focusable widgets collected
[21:41:50.983]   [0] ID="simple-string-list" Type=*terma.List[string]
[21:41:50.984] Render complete in 0.940ms, 11 widgets registered
[21:41:51.022] HandleKey: received key "j"
[21:41:51.022] HandleKey: focused widget is "simple-string-list" (*terma.List[string]), 1 ancestors in chain
[21:41:51.022] HandleKey: calling OnKey on focused widget "simple-string-list"
[21:41:51.022] HandleKey: key "j" handled by OnKey on focused widget "simple-string-list"
[21:41:51.022] SetFocusables: 1 focusable widgets collected
[21:41:51.022]   [0] ID="simple-string-list" Type=*terma.List[string]
[21:41:51.023] Render complete in 0.884ms, 11 widgets registered
[21:41:51.053] HandleKey: received key "j"
[21:41:51.053] HandleKey: focused widget is "simple-string-list" (*terma.List[string]), 1 ancestors in chain
[21:41:51.053] HandleKey: calling OnKey on focused widget "simple-string-list"
[21:41:51.053] HandleKey: key "j" handled by OnKey on focused widget "simple-string-list"
[21:41:51.053] SetFocusables: 1 focusable widgets collected
[21:41:51.053]   [0] ID="simple-string-list" Type=*terma.List[string]
[21:41:51.054] Render complete in 0.991ms, 11 widgets registered
[21:41:51.197] HandleKey: received key "k"
[21:41:51.197] HandleKey: focused widget is "simple-string-list" (*terma.List[string]), 1 ancestors in chain
[21:41:51.197] HandleKey: calling OnKey on focused widget "simple-string-list"
[21:41:51.197] HandleKey: key "k" handled by OnKey on focused widget "simple-string-list"
[21:41:51.197] SetFocusables: 1 focusable widgets collected
[21:41:51.197]   [0] ID="simple-string-list" Type=*terma.List[string]
[21:41:51.199] Render complete in 2.035ms, 11 widgets registered
[21:41:51.423] HandleKey: received key "k"
[21:41:51.423] HandleKey: focused widget is "simple-string-list" (*terma.List[string]), 1 ancestors in chain
[21:41:51.423] HandleKey: calling OnKey on focused widget "simple-string-list"
[21:41:51.423] HandleKey: key "k" handled by OnKey on focused widget "simple-string-list"
[21:41:51.424] SetFocusables: 1 focusable widgets collected
[21:41:51.424]   [0] ID="simple-string-list" Type=*terma.List[string]
[21:41:51.425] Render complete in 1.446ms, 11 widgets registered
[21:41:51.573] HandleKey: received key "k"
[21:41:51.573] HandleKey: focused widget is "simple-string-list" (*terma.List[string]), 1 ancestors in chain
[21:41:51.573] HandleKey: calling OnKey on focused widget "simple-string-list"
[21:41:51.574] HandleKey: key "k" handled by OnKey on focused widget "simple-string-list"
[21:41:51.574] SetFocusables: 1 focusable widgets collected
[21:41:51.574]   [0] ID="simple-string-list" Type=*terma.List[string]
[21:41:51.576] Render complete in 2.334ms, 11 widgets registered
[21:41:51.694] HandleKey: received key "k"
[21:41:51.694] HandleKey: focused widget is "simple-string-list" (*terma.List[string]), 1 ancestors in chain
[21:41:51.694] HandleKey: calling OnKey on focused widget "simple-string-list"
[21:41:51.694] HandleKey: key "k" handled by OnKey on focused widget "simple-string-list"
[21:41:51.695] SetFocusables: 1 focusable widgets collected
[21:41:51.695]   [0] ID="simple-string-list" Type=*terma.List[string]
[21:41:51.696] Render complete in 1.759ms, 11 widgets registered
[21:41:51.796] HandleKey: received key "k"
[21:41:51.796] HandleKey: focused widget is "simple-string-list" (*terma.List[string]), 1 ancestors in chain
[21:41:51.796] HandleKey: calling OnKey on focused widget "simple-string-list"
[21:41:51.796] HandleKey: key "k" handled by OnKey on focused widget "simple-string-list"
[21:41:51.796] SetFocusables: 1 focusable widgets collected
[21:41:51.796]   [0] ID="simple-string-list" Type=*terma.List[string]
[21:41:51.797] Render complete in 1.036ms, 11 widgets registered
[21:41:51.919] HandleKey: received key "j"
[21:41:51.920] HandleKey: focused widget is "simple-string-list" (*terma.List[string]), 1 ancestors in chain
[21:41:51.920] HandleKey: calling OnKey on focused widget "simple-string-list"
[21:41:51.920] HandleKey: key "j" handled by OnKey on focused widget "simple-string-list"
[21:41:51.920] SetFocusables: 1 focusable widgets collected
[21:41:51.920]   [0] ID="simple-string-list" Type=*terma.List[string]
[21:41:51.921] Render complete in 1.204ms, 11 widgets registered
[21:41:52.125] HandleKey: received key "j"
[21:41:52.125] HandleKey: focused widget is "simple-string-list" (*terma.List[string]), 1 ancestors in chain
[21:41:52.125] HandleKey: calling OnKey on focused widget "simple-string-list"
[21:41:52.125] HandleKey: key "j" handled by OnKey on focused widget "simple-string-list"
[21:41:52.125] SetFocusables: 1 focusable widgets collected
[21:41:52.125]   [0] ID="simple-string-list" Type=*terma.List[string]
[21:41:52.126] Render complete in 1.064ms, 11 widgets registered
[21:41:52.369] HandleKey: received key "enter"
[21:41:52.369] HandleKey: focused widget is "simple-string-list" (*terma.List[string]), 1 ancestors in chain
[21:41:52.369] HandleKey: calling OnKey on focused widget "simple-string-list"
[21:41:52.369] HandleKey: key "enter" handled by OnKey on focused widget "simple-string-list"
[21:41:52.369] SetFocusables: 1 focusable widgets collected
[21:41:52.369]   [0] ID="simple-string-list" Type=*terma.List[string]
[21:41:52.370] Render complete in 0.917ms, 11 widgets registered
[21:41:52.773] HandleKey: received key "j"
[21:41:52.773] HandleKey: focused widget is "simple-string-list" (*terma.List[string]), 1 ancestors in chain
[21:41:52.773] HandleKey: calling OnKey on focused widget "simple-string-list"
[21:41:52.773] HandleKey: key "j" handled by OnKey on focused widget "simple-string-list"
[21:41:52.773] SetFocusables: 1 focusable widgets collected
[21:41:52.773]   [0] ID="simple-string-list" Type=*terma.List[string]
[21:41:52.775] Render complete in 1.979ms, 11 widgets registered
[21:41:53.285] HandleKey: received key "enter"
[21:41:53.285] HandleKey: focused widget is "simple-string-list" (*terma.List[string]), 1 ancestors in chain
[21:41:53.285] HandleKey: calling OnKey on focused widget "simple-string-list"
[21:41:53.285] HandleKey: key "enter" handled by OnKey on focused widget "simple-string-list"
[21:41:53.285] SetFocusables: 1 focusable widgets collected
[21:41:53.285]   [0] ID="simple-string-list" Type=*terma.List[string]
[21:41:53.287] Render complete in 1.525ms, 11 widgets registered
[21:41:53.629] HandleKey: received key "j"
[21:41:53.629] HandleKey: focused widget is "simple-string-list" (*terma.List[string]), 1 ancestors in chain
[21:41:53.629] HandleKey: calling OnKey on focused widget "simple-string-list"
[21:41:53.629] HandleKey: key "j" handled by OnKey on focused widget "simple-string-list"
[21:41:53.630] SetFocusables: 1 focusable widgets collected
[21:41:53.630]   [0] ID="simple-string-list" Type=*terma.List[string]
[21:41:53.631] Render complete in 1.938ms, 11 widgets registered
[21:41:53.943] HandleKey: received key "enter"
[21:41:53.943] HandleKey: focused widget is "simple-string-list" (*terma.List[string]), 1 ancestors in chain
[21:41:53.943] HandleKey: calling OnKey on focused widget "simple-string-list"
[21:41:53.943] HandleKey: key "enter" handled by OnKey on focused widget "simple-string-list"
[21:41:53.944] SetFocusables: 1 focusable widgets collected
[21:41:53.944]   [0] ID="simple-string-list" Type=*terma.List[string]
[21:41:53.945] Render complete in 2.096ms, 11 widgets registered
[21:41:54.288] HandleKey: received key "k"
[21:41:54.288] HandleKey: focused widget is "simple-string-list" (*terma.List[string]), 1 ancestors in chain
[21:41:54.288] HandleKey: calling OnKey on focused widget "simple-string-list"
[21:41:54.288] HandleKey: key "k" handled by OnKey on focused widget "simple-string-list"
[21:41:54.289] SetFocusables: 1 focusable widgets collected
[21:41:54.289]   [0] ID="simple-string-list" Type=*terma.List[string]
[21:41:54.290] Render complete in 1.478ms, 11 widgets registered
[21:41:54.452] HandleKey: received key "k"
[21:41:54.452] HandleKey: focused widget is "simple-string-list" (*terma.List[string]), 1 ancestors in chain
[21:41:54.452] HandleKey: calling OnKey on focused widget "simple-string-list"
[21:41:54.453] HandleKey: key "k" handled by OnKey on focused widget "simple-string-list"
[21:41:54.453] SetFocusables: 1 focusable widgets collected
[21:41:54.453]   [0] ID="simple-string-list" Type=*terma.List[string]
[21:41:54.454] Render complete in 1.540ms, 11 widgets registered
[21:41:54.619] HandleKey: received key "k"
[21:41:54.619] HandleKey: focused widget is "simple-string-list" (*terma.List[string]), 1 ancestors in chain
[21:41:54.619] HandleKey: calling OnKey on focused widget "simple-string-list"
[21:41:54.619] HandleKey: key "k" handled by OnKey on focused widget "simple-string-list"
[21:41:54.619] SetFocusables: 1 focusable widgets collected
[21:41:54.619]   [0] ID="simple-string-list" Type=*terma.List[string]
[21:41:54.620] Render complete in 1.568ms, 11 widgets registered
[21:41:54.814] HandleKey: received key "enter"
[21:41:54.814] HandleKey: focused widget is "simple-string-list" (*terma.List[string]), 1 ancestors in chain
[21:41:54.814] HandleKey: calling OnKey on focused widget "simple-string-list"
[21:41:54.814] HandleKey: key "enter" handled by OnKey on focused widget "simple-string-list"
[21:41:54.815] SetFocusables: 1 focusable widgets collected
[21:41:54.816]   [0] ID="simple-string-list" Type=*terma.List[string]
[21:41:54.817] Render complete in 2.738ms, 11 widgets registered
[21:41:55.110] HandleKey: received key "k"
[21:41:55.110] HandleKey: focused widget is "simple-string-list" (*terma.List[string]), 1 ancestors in chain
[21:41:55.110] HandleKey: calling OnKey on focused widget "simple-string-list"
[21:41:55.110] HandleKey: key "k" handled by OnKey on focused widget "simple-string-list"
[21:41:55.110] SetFocusables: 1 focusable widgets collected
[21:41:55.110]   [0] ID="simple-string-list" Type=*terma.List[string]
[21:41:55.111] Render complete in 0.903ms, 11 widgets registered
[21:41:55.368] HandleKey: received key "enter"
[21:41:55.368] HandleKey: focused widget is "simple-string-list" (*terma.List[string]), 1 ancestors in chain
[21:41:55.368] HandleKey: calling OnKey on focused widget "simple-string-list"
[21:41:55.368] HandleKey: key "enter" handled by OnKey on focused widget "simple-string-list"
[21:41:55.369] SetFocusables: 1 focusable widgets collected
[21:41:55.369]   [0] ID="simple-string-list" Type=*terma.List[string]
[21:41:55.370] Render complete in 1.822ms, 11 widgets registered
[21:41:55.729] HandleKey: received key "j"
[21:41:55.729] HandleKey: focused widget is "simple-string-list" (*terma.List[string]), 1 ancestors in chain
[21:41:55.729] HandleKey: calling OnKey on focused widget "simple-string-list"
[21:41:55.730] HandleKey: key "j" handled by OnKey on focused widget "simple-string-list"
[21:41:55.730] SetFocusables: 1 focusable widgets collected
[21:41:55.730]   [0] ID="simple-string-list" Type=*terma.List[string]
[21:41:55.731] Render complete in 1.417ms, 11 widgets registered
[21:41:55.878] HandleKey: received key "j"
[21:41:55.878] HandleKey: focused widget is "simple-string-list" (*terma.List[string]), 1 ancestors in chain
[21:41:55.878] HandleKey: calling OnKey on focused widget "simple-string-list"
[21:41:55.879] HandleKey: key "j" handled by OnKey on focused widget "simple-string-list"
[21:41:55.879] SetFocusables: 1 focusable widgets collected
[21:41:55.879]   [0] ID="simple-string-list" Type=*terma.List[string]
[21:41:55.880] Render complete in 1.902ms, 11 widgets registered
[21:41:56.032] HandleKey: received key "j"
[21:41:56.032] HandleKey: focused widget is "simple-string-list" (*terma.List[string]), 1 ancestors in chain
[21:41:56.032] HandleKey: calling OnKey on focused widget "simple-string-list"
[21:41:56.032] HandleKey: key "j" handled by OnKey on focused widget "simple-string-list"
[21:41:56.032] SetFocusables: 1 focusable widgets collected
[21:41:56.032]   [0] ID="simple-string-list" Type=*terma.List[string]
[21:41:56.033] Render complete in 1.078ms, 11 widgets registered
[21:41:56.254] HandleKey: received key "enter"
[21:41:56.254] HandleKey: focused widget is "simple-string-list" (*terma.List[string]), 1 ancestors in chain
[21:41:56.255] HandleKey: calling OnKey on focused widget "simple-string-list"
[21:41:56.255] HandleKey: key "enter" handled by OnKey on focused widget "simple-string-list"
[21:41:56.255] SetFocusables: 1 focusable widgets collected
[21:41:56.255]   [0] ID="simple-string-list" Type=*terma.List[string]
[21:41:56.256] Render complete in 1.802ms, 11 widgets registered
[21:41:56.526] HandleKey: received key "k"
[21:41:56.526] HandleKey: focused widget is "simple-string-list" (*terma.List[string]), 1 ancestors in chain
[21:41:56.526] HandleKey: calling OnKey on focused widget "simple-string-list"
[21:41:56.526] HandleKey: key "k" handled by OnKey on focused widget "simple-string-list"
[21:41:56.527] SetFocusables: 1 focusable widgets collected
[21:41:56.527]   [0] ID="simple-string-list" Type=*terma.List[string]
[21:41:56.528] Render complete in 1.775ms, 11 widgets registered
[21:41:56.809] HandleKey: received key "enter"
[21:41:56.809] HandleKey: focused widget is "simple-string-list" (*terma.List[string]), 1 ancestors in chain
[21:41:56.810] HandleKey: calling OnKey on focused widget "simple-string-list"
[21:41:56.810] HandleKey: key "enter" handled by OnKey on focused widget "simple-string-list"
[21:41:56.810] SetFocusables: 1 focusable widgets collected
[21:41:56.810]   [0] ID="simple-string-list" Type=*terma.List[string]
[21:41:56.811] Render complete in 1.638ms, 11 widgets registered
[21:41:57.186] HandleKey: received key "j"
[21:41:57.186] HandleKey: focused widget is "simple-string-list" (*terma.List[string]), 1 ancestors in chain
[21:41:57.186] HandleKey: calling OnKey on focused widget "simple-string-list"
[21:41:57.186] HandleKey: key "j" handled by OnKey on focused widget "simple-string-list"
[21:41:57.187] SetFocusables: 1 focusable widgets collected
[21:41:57.187]   [0] ID="simple-string-list" Type=*terma.List[string]
[21:41:57.188] Render complete in 2.037ms, 11 widgets registered
[21:41:57.769] HandleKey: received key "enter"
[21:41:57.769] HandleKey: focused widget is "simple-string-list" (*terma.List[string]), 1 ancestors in chain
[21:41:57.769] HandleKey: calling OnKey on focused widget "simple-string-list"
[21:41:57.769] HandleKey: key "enter" handled by OnKey on focused widget "simple-string-list"
[21:41:57.769] SetFocusables: 1 focusable widgets collected
[21:41:57.769]   [0] ID="simple-string-list" Type=*terma.List[string]
[21:41:57.770] Render complete in 1.366ms, 11 widgets registered
[21:41:58.099] HandleKey: received key "k"
[21:41:58.099] HandleKey: focused widget is "simple-string-list" (*terma.List[string]), 1 ancestors in chain
[21:41:58.099] HandleKey: calling OnKey on focused widget "simple-string-list"
[21:41:58.099] HandleKey: key "k" handled by OnKey on focused widget "simple-string-list"
[21:41:58.099] SetFocusables: 1 focusable widgets collected
[21:41:58.099]   [0] ID="simple-string-list" Type=*terma.List[string]
[21:41:58.100] Render complete in 1.093ms, 11 widgets registered
[21:41:58.262] HandleKey: received key "k"
[21:41:58.262] HandleKey: focused widget is "simple-string-list" (*terma.List[string]), 1 ancestors in chain
[21:41:58.262] HandleKey: calling OnKey on focused widget "simple-string-list"
[21:41:58.262] HandleKey: key "k" handled by OnKey on focused widget "simple-string-list"
[21:41:58.262] SetFocusables: 1 focusable widgets collected
[21:41:58.262]   [0] ID="simple-string-list" Type=*terma.List[string]
[21:41:58.264] Render complete in 1.603ms, 11 widgets registered
[21:41:58.473] HandleKey: received key "enter"
[21:41:58.473] HandleKey: focused widget is "simple-string-list" (*terma.List[string]), 1 ancestors in chain
[21:41:58.473] HandleKey: calling OnKey on focused widget "simple-string-list"
[21:41:58.473] HandleKey: key "enter" handled by OnKey on focused widget "simple-string-list"
[21:41:58.473] SetFocusables: 1 focusable widgets collected
[21:41:58.473]   [0] ID="simple-string-list" Type=*terma.List[string]
[21:41:58.474] Render complete in 1.171ms, 11 widgets registered
[21:41:58.789] HandleKey: received key "k"
[21:41:58.789] HandleKey: focused widget is "simple-string-list" (*terma.List[string]), 1 ancestors in chain
[21:41:58.789] HandleKey: calling OnKey on focused widget "simple-string-list"
[21:41:58.789] HandleKey: key "k" handled by OnKey on focused widget "simple-string-list"
[21:41:58.790] SetFocusables: 1 focusable widgets collected
[21:41:58.790]   [0] ID="simple-string-list" Type=*terma.List[string]
[21:41:58.791] Render complete in 1.573ms, 11 widgets registered
[21:41:59.056] HandleKey: received key "enter"
[21:41:59.057] HandleKey: focused widget is "simple-string-list" (*terma.List[string]), 1 ancestors in chain
[21:41:59.057] HandleKey: calling OnKey on focused widget "simple-string-list"
[21:41:59.057] HandleKey: key "enter" handled by OnKey on focused widget "simple-string-list"
[21:41:59.057] SetFocusables: 1 focusable widgets collected
[21:41:59.057]   [0] ID="simple-string-list" Type=*terma.List[string]
[21:41:59.058] Render complete in 1.271ms, 11 widgets registered
[21:42:38.619] MouseClickEvent at X=49 Y=13 Button=left
[21:42:38.619]   Found widget: ID="" Type=*main.SimpleListDemo
[21:42:38.619]   Widget is NOT Clickable
[21:42:38.619] SetFocusables: 1 focusable widgets collected
[21:42:38.619]   [0] ID="simple-string-list" Type=*terma.List[string]
[21:42:38.620] Render complete in 0.946ms, 11 widgets registered
[21:42:38.713] Unhandled event: uv.MouseReleaseEvent left
[21:42:40.249] HandleKey: received key "j"
[21:42:40.249] HandleKey: focused widget is "simple-string-list" (*terma.List[string]), 1 ancestors in chain
[21:42:40.249] HandleKey: calling OnKey on focused widget "simple-string-list"
[21:42:40.250] HandleKey: key "j" handled by OnKey on focused widget "simple-string-list"
[21:42:40.250] SetFocusables: 1 focusable widgets collected
[21:42:40.250]   [0] ID="simple-string-list" Type=*terma.List[string]
[21:42:40.251] Render complete in 1.312ms, 11 widgets registered
[21:42:40.500] HandleKey: received key "j"
[21:42:40.500] HandleKey: focused widget is "simple-string-list" (*terma.List[string]), 1 ancestors in chain
[21:42:40.500] HandleKey: calling OnKey on focused widget "simple-string-list"
[21:42:40.500] HandleKey: key "j" handled by OnKey on focused widget "simple-string-list"
[21:42:40.501] SetFocusables: 1 focusable widgets collected
[21:42:40.501]   [0] ID="simple-string-list" Type=*terma.List[string]
[21:42:40.502] Render complete in 1.327ms, 11 widgets registered
[21:42:40.533] HandleKey: received key "j"
[21:42:40.533] HandleKey: focused widget is "simple-string-list" (*terma.List[string]), 1 ancestors in chain
[21:42:40.533] HandleKey: calling OnKey on focused widget "simple-string-list"
[21:42:40.533] HandleKey: key "j" handled by OnKey on focused widget "simple-string-list"
[21:42:40.533] SetFocusables: 1 focusable widgets collected
[21:42:40.533]   [0] ID="simple-string-list" Type=*terma.List[string]
[21:42:40.534] Render complete in 1.117ms, 11 widgets registered
[21:42:40.566] HandleKey: received key "j"
[21:42:40.566] HandleKey: focused widget is "simple-string-list" (*terma.List[string]), 1 ancestors in chain
[21:42:40.566] HandleKey: calling OnKey on focused widget "simple-string-list"
[21:42:40.566] HandleKey: key "j" handled by OnKey on focused widget "simple-string-list"
[21:42:40.566] SetFocusables: 1 focusable widgets collected
[21:42:40.566]   [0] ID="simple-string-list" Type=*terma.List[string]
[21:42:40.567] Render complete in 0.810ms, 11 widgets registered
[21:42:40.599] HandleKey: received key "j"
[21:42:40.599] HandleKey: focused widget is "simple-string-list" (*terma.List[string]), 1 ancestors in chain
[21:42:40.599] HandleKey: calling OnKey on focused widget "simple-string-list"
[21:42:40.599] HandleKey: key "j" handled by OnKey on focused widget "simple-string-list"
[21:42:40.599] SetFocusables: 1 focusable widgets collected
[21:42:40.599]   [0] ID="simple-string-list" Type=*terma.List[string]
[21:42:40.600] Render complete in 0.746ms, 11 widgets registered
[21:42:40.633] HandleKey: received key "j"
[21:42:40.633] HandleKey: focused widget is "simple-string-list" (*terma.List[string]), 1 ancestors in chain
[21:42:40.633] HandleKey: calling OnKey on focused widget "simple-string-list"
[21:42:40.633] HandleKey: key "j" handled by OnKey on focused widget "simple-string-list"
[21:42:40.633] SetFocusables: 1 focusable widgets collected
[21:42:40.633]   [0] ID="simple-string-list" Type=*terma.List[string]
[21:42:40.634] Render complete in 0.839ms, 11 widgets registered
[21:42:40.667] HandleKey: received key "j"
[21:42:40.667] HandleKey: focused widget is "simple-string-list" (*terma.List[string]), 1 ancestors in chain
[21:42:40.667] HandleKey: calling OnKey on focused widget "simple-string-list"
[21:42:40.667] HandleKey: key "j" handled by OnKey on focused widget "simple-string-list"
[21:42:40.667] SetFocusables: 1 focusable widgets collected
[21:42:40.667]   [0] ID="simple-string-list" Type=*terma.List[string]
[21:42:40.667] Render complete in 0.674ms, 11 widgets registered
[21:42:40.700] HandleKey: received key "j"
[21:42:40.701] HandleKey: focused widget is "simple-string-list" (*terma.List[string]), 1 ancestors in chain
[21:42:40.701] HandleKey: calling OnKey on focused widget "simple-string-list"
[21:42:40.701] HandleKey: key "j" handled by OnKey on focused widget "simple-string-list"
[21:42:40.701] SetFocusables: 1 focusable widgets collected
[21:42:40.701]   [0] ID="simple-string-list" Type=*terma.List[string]
[21:42:40.701] Render complete in 0.645ms, 11 widgets registered
[21:42:40.734] HandleKey: received key "j"
[21:42:40.734] HandleKey: focused widget is "simple-string-list" (*terma.List[string]), 1 ancestors in chain
[21:42:40.734] HandleKey: calling OnKey on focused widget "simple-string-list"
[21:42:40.734] HandleKey: key "j" handled by OnKey on focused widget "simple-string-list"
[21:42:40.734] SetFocusables: 1 focusable widgets collected
[21:42:40.734]   [0] ID="simple-string-list" Type=*terma.List[string]
[21:42:40.735] Render complete in 0.759ms, 11 widgets registered
[21:42:40.769] HandleKey: received key "j"
[21:42:40.769] HandleKey: focused widget is "simple-string-list" (*terma.List[string]), 1 ancestors in chain
[21:42:40.769] HandleKey: calling OnKey on focused widget "simple-string-list"
[21:42:40.769] HandleKey: key "j" handled by OnKey on focused widget "simple-string-list"
[21:42:40.769] SetFocusables: 1 focusable widgets collected
[21:42:40.769]   [0] ID="simple-string-list" Type=*terma.List[string]
[21:42:40.770] Render complete in 0.831ms, 11 widgets registered
[21:42:40.801] HandleKey: received key "j"
[21:42:40.801] HandleKey: focused widget is "simple-string-list" (*terma.List[string]), 1 ancestors in chain
[21:42:40.801] HandleKey: calling OnKey on focused widget "simple-string-list"
[21:42:40.801] HandleKey: key "j" handled by OnKey on focused widget "simple-string-list"
[21:42:40.801] SetFocusables: 1 focusable widgets collected
[21:42:40.801]   [0] ID="simple-string-list" Type=*terma.List[string]
[21:42:40.802] Render complete in 0.693ms, 11 widgets registered
