TextNode.MeasureFunc: content="Hello" maxWidth=100 -> (5, 1)
TextNode.ComputeLayout: content="Hello" constraints={0 100 0 100} minW=0 maxW=0 -> box=5x1
TextNode.MeasureFunc: content="Line 1\nLine 2" maxWidth=100 -> (6, 2)
TextNode.ComputeLayout: content="Line 1\nLine 2" constraints={0 100 0 100} minW=0 maxW=0 -> box=6x2
TextNode.MeasureFunc: content="Hello World" maxWidth=6 -> (5, 2)
TextNode.ComputeLayout: content="Hello World" constraints={0 6 0 100} minW=0 maxW=0 -> box=5x2
TextNode.MeasureFunc: content="" maxWidth=98 -> (0, 0)
TextNode.ComputeLayout: content="" constraints={0 100 0 100} minW=0 maxW=0 -> box=2x2
TextNode.MeasureFunc: content="Hi" maxWidth=96 -> (2, 1)
TextNode.ComputeLayout: content="Hi" constraints={0 100 0 100} minW=0 maxW=0 -> box=6x3
TextNode.MeasureFunc: content="Hi" maxWidth=96 -> (2, 1)
TextNode.ComputeLayout: content="Hi" constraints={0 100 0 100} minW=0 maxW=0 -> box=6x5
TextNode.MeasureFunc: content="Hi" maxWidth=100 -> (2, 1)
TextNode.ComputeLayout: content="Hi" constraints={0 100 0 100} minW=0 maxW=0 -> box=2x1
TextNode.MeasureFunc: content="Hi" maxWidth=100 -> (2, 1)
TextNode.ComputeLayout: content="Hi" constraints={0 100 0 100} minW=10 maxW=0 -> box=10x1
TextNode.MeasureFunc: content="Hello World" maxWidth=6 -> (5, 2)
TextNode.ComputeLayout: content="Hello World" constraints={0 100 0 100} minW=0 maxW=6 -> box=5x2
TextNode.MeasureFunc: content="Hi" maxWidth=100 -> (2, 1)
TextNode.ComputeLayout: content="Hi" constraints={0 100 0 100} minW=0 maxW=0 -> box=2x5
TextNode.MeasureFunc: content="Line1\nLine2\nLine3\nLine4\nLine5" maxWidth=100 -> (5, 5)
TextNode.ComputeLayout: content="Line1\nLine2\nLine3\nLine4\nLine5" constraints={0 100 0 100} minW=0 maxW=0 -> box=5x3
TextNode.MeasureFunc: content="Hello World" maxWidth=20 -> (11, 1)
TextNode.ComputeLayout: content="Hello World" constraints={0 20 0 100} minW=50 maxW=0 -> box=20x1
TextNode.MeasureFunc: content="Hello World" maxWidth=6 -> (5, 2)
TextNode.ComputeLayout: content="Hello World" constraints={0 16 0 100} minW=0 maxW=0 -> box=15x2
TextNode.MeasureFunc: content="Submit" maxWidth=96 -> (6, 1)
TextNode.ComputeLayout: content="Submit" constraints={0 100 0 1} minW=0 maxW=0 -> box=10x1
TextNode.MeasureFunc: content="Lorem ipsum dolor sit amet, consectetur adipiscing elit." maxWidth=28 -> (28, 2)
TextNode.ComputeLayout: content="Lorem ipsum dolor sit amet, consectetur adipiscing elit." constraints={0 30 0 100} minW=0 maxW=0 -> box=30x4
TextNode.MeasureFunc: content="Error: File not found" maxWidth=80 -> (21, 1)
TextNode.ComputeLayout: content="Error: File not found" constraints={0 80 0 1} minW=40 maxW=0 -> box=40x1
