[14:12:21.544] Logger initialized
[14:12:21.546] Render complete in 1.120ms, 26 widgets registered
[14:12:21.546] Render complete in 0.582ms, 26 widgets registered
[14:12:21.546] Unhandled event: uv.WindowPixelSizeEvent {1476 1908}
[14:12:22.702] Unhandled event: uv.MouseWheelEvent wheeldown
[14:12:22.739] Unhandled event: uv.MouseWheelEvent wheeldown
[14:12:22.799] Unhandled event: uv.MouseWheelEvent wheeldown
[14:12:22.799] Unhandled event: uv.MouseWheelEvent wheeldown
[14:12:22.799] Unhandled event: uv.MouseWheelEvent wheeldown
[14:12:22.869] Unhandled event: uv.MouseWheelEvent wheeldown
[14:12:22.869] Unhandled event: uv.MouseWheelEvent wheeldown
[14:12:22.869] Unhandled event: uv.MouseWheelEvent wheeldown
[14:12:22.869] Unhandled event: uv.MouseWheelEvent wheeldown
[14:12:23.461] MouseClickEvent at X=30 Y=44 Button=left
[14:12:23.461]   Found widget: Key="" Type=terma.Text
[14:12:23.461]   Widget is Clickable, calling OnClick
[14:12:23.461] Render complete in 0.212ms, 26 widgets registered
[14:12:23.794] Unhandled event: uv.MouseReleaseEvent left
[14:12:23.919] MouseClickEvent at X=5 Y=44 Button=left
[14:12:23.919]   Found widget: Key="" Type=terma.Text
[14:12:23.919]   Widget is Clickable, calling OnClick
[14:12:23.919] Render complete in 0.194ms, 26 widgets registered
[14:12:24.002] Unhandled event: uv.MouseReleaseEvent left
[14:12:24.779] Unhandled event: uv.MouseWheelEvent wheeldown
[14:12:24.779] Unhandled event: uv.MouseWheelEvent wheeldown
[14:12:24.779] Unhandled event: uv.MouseWheelEvent wheeldown
[14:12:24.779] Unhandled event: uv.MouseWheelEvent wheeldown
[14:12:24.779] Unhandled event: uv.MouseWheelEvent wheeldown
[14:12:24.794] Unhandled event: uv.MouseWheelEvent wheeldown
[14:12:24.794] Unhandled event: uv.MouseWheelEvent wheeldown
[14:12:24.794] Unhandled event: uv.MouseWheelEvent wheeldown
[14:12:24.794] Unhandled event: uv.MouseWheelEvent wheeldown
[14:12:24.794] Unhandled event: uv.MouseWheelEvent wheeldown
[14:12:24.811] Unhandled event: uv.MouseWheelEvent wheeldown
[14:12:24.811] Unhandled event: uv.MouseWheelEvent wheeldown
[14:12:24.811] Unhandled event: uv.MouseWheelEvent wheeldown
[14:12:24.811] Unhandled event: uv.MouseWheelEvent wheeldown
[14:12:24.811] Unhandled event: uv.MouseWheelEvent wheeldown
[14:12:24.836] Unhandled event: uv.MouseWheelEvent wheeldown
[14:12:24.836] Unhandled event: uv.MouseWheelEvent wheeldown
[14:12:24.836] Unhandled event: uv.MouseWheelEvent wheeldown
[14:12:24.836] Unhandled event: uv.MouseWheelEvent wheeldown
[14:12:24.836] Unhandled event: uv.MouseWheelEvent wheeldown
[14:12:25.821] Render complete in 0.610ms, 26 widgets registered
[14:12:25.821] Unhandled event: uv.WindowPixelSizeEvent {1476 1924}
[14:12:25.846] Unhandled event: uv.WindowPixelSizeEvent {1476 1954}
[14:12:25.873] Render complete in 0.573ms, 26 widgets registered
[14:12:25.873] Unhandled event: uv.WindowPixelSizeEvent {1476 2010}
[14:12:25.897] Unhandled event: uv.WindowPixelSizeEvent {1476 2024}
[14:12:26.342] Unhandled event: uv.WindowPixelSizeEvent {1476 2020}
[14:12:26.367] Unhandled event: uv.WindowPixelSizeEvent {1476 2012}
[14:12:26.393] Unhandled event: uv.WindowPixelSizeEvent {1476 2002}
[14:12:26.420] Render complete in 0.654ms, 26 widgets registered
[14:12:26.420] Unhandled event: uv.WindowPixelSizeEvent {1476 1994}
[14:12:26.445] Unhandled event: uv.WindowPixelSizeEvent {1476 1988}
[14:12:26.470] Unhandled event: uv.WindowPixelSizeEvent {1476 1976}
[14:12:26.495] Unhandled event: uv.WindowPixelSizeEvent {1476 1974}
[14:12:26.522] Unhandled event: uv.WindowPixelSizeEvent {1476 1972}
[14:12:26.547] Unhandled event: uv.WindowPixelSizeEvent {1476 1970}
[14:12:26.578] Unhandled event: uv.WindowPixelSizeEvent {1476 1968}
[14:12:26.603] Unhandled event: uv.WindowPixelSizeEvent {1476 1964}
[14:12:26.629] Render complete in 0.612ms, 26 widgets registered
[14:12:26.629] Unhandled event: uv.WindowPixelSizeEvent {1476 1958}
[14:12:26.655] Unhandled event: uv.WindowPixelSizeEvent {1476 1956}
[14:12:26.974] Render complete in 2.105ms, 26 widgets registered
[14:12:26.974] Unhandled event: uv.WindowPixelSizeEvent {1476 1960}
[14:12:26.998] Unhandled event: uv.WindowPixelSizeEvent {1476 1964}
[14:12:27.023] Unhandled event: uv.WindowPixelSizeEvent {1476 1966}
[14:12:27.266] Unhandled event: uv.WindowPixelSizeEvent {1476 1968}
[14:12:27.293] Unhandled event: uv.WindowPixelSizeEvent {1476 1970}
[14:12:27.334] Unhandled event: uv.WindowPixelSizeEvent {1476 1972}
[14:12:27.360] Unhandled event: uv.WindowPixelSizeEvent {1476 1974}
[14:12:27.953] MouseClickEvent at X=33 Y=45 Button=left
[14:12:27.953]   Found widget: Key="" Type=terma.Text
[14:12:27.953]   Widget is Clickable, calling OnClick
[14:12:27.953] Render complete in 0.474ms, 26 widgets registered
[14:12:28.252] Unhandled event: uv.MouseReleaseEvent left
[14:12:28.369] MouseClickEvent at X=11 Y=44 Button=left
[14:12:28.369]   Found widget: Key="" Type=terma.Text
[14:12:28.369]   Widget is Clickable, calling OnClick
[14:12:28.369] Render complete in 0.224ms, 26 widgets registered
[14:12:28.511] Unhandled event: uv.MouseReleaseEvent left
[14:12:28.694] MouseClickEvent at X=28 Y=45 Button=left
[14:12:28.694]   Found widget: Key="" Type=terma.Text
[14:12:28.694]   Widget is Clickable, calling OnClick
[14:12:28.694] Render complete in 0.205ms, 26 widgets registered
[14:12:28.786] Unhandled event: uv.MouseReleaseEvent left
[14:12:33.235] MouseClickEvent at X=32 Y=45 Button=left
[14:12:33.235]   Found widget: Key="" Type=terma.Text
[14:12:33.235]   Widget is Clickable, calling OnClick
[14:12:33.236] Render complete in 0.595ms, 26 widgets registered
[14:12:33.544] Unhandled event: uv.MouseReleaseEvent left
[14:14:00.868]   Hover changed: "" -> "outer-box"
[14:14:00.868]   Calling OnHover(true) on "outer-box"
[14:14:00.868] Render complete in 0.275ms, 26 widgets registered
[14:14:00.968]   Hover changed: "outer-box" -> ""
[14:14:00.968]   Calling OnHover(false) on "outer-box"
[14:14:00.968] Render complete in 0.193ms, 26 widgets registered
[14:14:01.168] MouseClickEvent at X=14 Y=7 Button=left
[14:14:01.168]   Found widget: Key="" Type=terma.Text
[14:14:01.168]   Widget is Clickable, calling OnClick
[14:14:01.168] Render complete in 0.204ms, 26 widgets registered
[14:14:01.334]   Hover changed: "" -> "outer-box"
[14:14:01.334]   Calling OnHover(true) on "outer-box"
[14:14:01.335] Render complete in 0.313ms, 26 widgets registered
[14:14:01.351]   Hover changed: "outer-box" -> ""
[14:14:01.351]   Calling OnHover(false) on "outer-box"
[14:14:01.351] Render complete in 0.312ms, 26 widgets registered
[14:14:01.459] Unhandled event: uv.MouseReleaseEvent left
[14:14:01.593] MouseClickEvent at X=34 Y=37 Button=left
[14:14:01.593]   Found widget: Key="" Type=*main.BorderDemo
[14:14:01.593]   Widget is NOT Clickable
[14:14:01.593] Render complete in 0.203ms, 26 widgets registered
[14:14:01.668]   Hover changed: "" -> "outer-box"
[14:14:01.668]   Calling OnHover(true) on "outer-box"
[14:14:01.668] Render complete in 0.302ms, 26 widgets registered
[14:14:01.693]   Hover changed: "outer-box" -> "inner-box"
[14:14:01.693]   Calling OnHover(false) on "outer-box"
[14:14:01.693]   Calling OnHover(true) on "inner-box"
[14:14:01.693] Render complete in 0.202ms, 26 widgets registered
[14:14:01.701]   Hover changed: "inner-box" -> "outer-box"
[14:14:01.701]   Calling OnHover(false) on "inner-box"
[14:14:01.701]   Calling OnHover(true) on "outer-box"
[14:14:01.701] Render complete in 0.212ms, 26 widgets registered
[14:14:01.726]   Hover changed: "outer-box" -> ""
[14:14:01.726]   Calling OnHover(false) on "outer-box"
[14:14:01.726] Render complete in 0.235ms, 26 widgets registered
[14:14:01.884] Unhandled event: uv.MouseReleaseEvent left
[14:14:02.035] MouseClickEvent at X=16 Y=14 Button=left
[14:14:02.035]   Found widget: Key="" Type=terma.Column
[14:14:02.035]   Widget is Clickable, calling OnClick
[14:14:02.035] Render complete in 0.219ms, 26 widgets registered
[14:14:02.184]   Hover changed: "" -> "outer-box"
[14:14:02.184]   Calling OnHover(true) on "outer-box"
[14:14:02.185] Render complete in 0.207ms, 26 widgets registered
[14:14:02.226] Unhandled event: uv.MouseReleaseEvent left
[14:14:02.226]   Hover changed: "outer-box" -> "inner-box"
[14:14:02.226]   Calling OnHover(false) on "outer-box"
[14:14:02.226]   Calling OnHover(true) on "inner-box"
[14:14:02.226] Render complete in 0.237ms, 26 widgets registered
[14:14:02.259]   Hover changed: "inner-box" -> ""
[14:14:02.259]   Calling OnHover(false) on "inner-box"
[14:14:02.259]   Calling OnHover(true) on ""
[14:14:02.260] Render complete in 0.216ms, 26 widgets registered
[14:14:02.268]   Hover changed: "" -> "inner-box"
[14:14:02.268]   Calling OnHover(false) on ""
[14:14:02.268]   Calling OnHover(true) on "inner-box"
[14:14:02.268] Render complete in 0.216ms, 26 widgets registered
[14:14:02.318]   Hover changed: "inner-box" -> "outer-box"
[14:14:02.318]   Calling OnHover(false) on "inner-box"
[14:14:02.318]   Calling OnHover(true) on "outer-box"
[14:14:02.318] Render complete in 0.241ms, 26 widgets registered
[14:14:02.951]   Hover changed: "outer-box" -> "inner-box"
[14:14:02.951]   Calling OnHover(false) on "outer-box"
[14:14:02.951]   Calling OnHover(true) on "inner-box"
[14:14:02.951] Render complete in 0.205ms, 26 widgets registered
[14:14:03.059]   Hover changed: "inner-box" -> ""
[14:14:03.059]   Calling OnHover(false) on "inner-box"
[14:14:03.059]   Calling OnHover(true) on ""
[14:14:03.060] Render complete in 0.243ms, 26 widgets registered
[14:14:03.068]   Hover changed: "" -> "inner-box"
[14:14:03.068]   Calling OnHover(false) on ""
[14:14:03.068]   Calling OnHover(true) on "inner-box"
[14:14:03.068] Render complete in 0.294ms, 26 widgets registered
[14:14:03.093]   Hover changed: "inner-box" -> "outer-box"
[14:14:03.093]   Calling OnHover(false) on "inner-box"
[14:14:03.093]   Calling OnHover(true) on "outer-box"
[14:14:03.093] Render complete in 0.205ms, 26 widgets registered
[14:14:03.126]   Hover changed: "outer-box" -> ""
[14:14:03.126]   Calling OnHover(false) on "outer-box"
[14:14:03.126] Render complete in 0.209ms, 26 widgets registered
[14:14:03.485] Unhandled event: uv.MouseWheelEvent wheeldown
[14:14:03.485] Unhandled event: uv.MouseWheelEvent wheeldown
[14:14:03.509] Unhandled event: uv.MouseWheelEvent wheeldown
[14:14:03.510] Unhandled event: uv.MouseWheelEvent wheeldown
[14:14:03.510] Unhandled event: uv.MouseWheelEvent wheeldown
[14:14:03.510] Unhandled event: uv.MouseWheelEvent wheeldown
[14:14:03.510] Unhandled event: uv.MouseWheelEvent wheeldown
[14:14:03.549] Unhandled event: uv.MouseWheelEvent wheeldown
[14:14:03.549] Unhandled event: uv.MouseWheelEvent wheeldown
[14:14:03.549] Unhandled event: uv.MouseWheelEvent wheeldown
[14:14:03.549] Unhandled event: uv.MouseWheelEvent wheeldown
[14:14:03.549] Unhandled event: uv.MouseWheelEvent wheeldown
[14:14:03.685] Unhandled event: uv.MouseWheelEvent wheelup
[14:14:03.685] Unhandled event: uv.MouseWheelEvent wheelup
[14:14:03.685] Unhandled event: uv.MouseWheelEvent wheelup
[14:14:03.685] Unhandled event: uv.MouseWheelEvent wheelup
[14:14:03.706] Unhandled event: uv.MouseWheelEvent wheelup
[14:14:03.706] Unhandled event: uv.MouseWheelEvent wheelup
[14:14:03.706] Unhandled event: uv.MouseWheelEvent wheelup
[14:14:03.706] Unhandled event: uv.MouseWheelEvent wheelup
[14:14:03.706] Unhandled event: uv.MouseWheelEvent wheelup
[14:14:03.718] Unhandled event: uv.MouseWheelEvent wheelup
[14:14:03.718] Unhandled event: uv.MouseWheelEvent wheelup
[14:14:03.718] Unhandled event: uv.MouseWheelEvent wheelup
[14:14:03.718] Unhandled event: uv.MouseWheelEvent wheelup
[14:14:03.718] Unhandled event: uv.MouseWheelEvent wheelup
[14:14:03.735] Unhandled event: uv.MouseWheelEvent wheelup
[14:14:03.735] Unhandled event: uv.MouseWheelEvent wheelup
[14:14:03.735] Unhandled event: uv.MouseWheelEvent wheelup
[14:14:03.735] Unhandled event: uv.MouseWheelEvent wheelup
[14:14:03.735] Unhandled event: uv.MouseWheelEvent wheelup
[14:14:03.760] Unhandled event: uv.MouseWheelEvent wheelup
[14:14:03.760] Unhandled event: uv.MouseWheelEvent wheelup
[14:14:03.760] Unhandled event: uv.MouseWheelEvent wheelup
[14:14:03.760] Unhandled event: uv.MouseWheelEvent wheelup
[14:14:03.760] Unhandled event: uv.MouseWheelEvent wheelup
[14:14:04.243]   Hover changed: "" -> "outer-box"
[14:14:04.243]   Calling OnHover(true) on "outer-box"
[14:14:04.243] Render complete in 0.228ms, 26 widgets registered
[14:14:04.335]   Hover changed: "outer-box" -> ""
[14:14:04.335]   Calling OnHover(false) on "outer-box"
[14:14:04.336] Render complete in 0.210ms, 26 widgets registered
[14:14:04.609]   Hover changed: "" -> "outer-box"
[14:14:04.609]   Calling OnHover(true) on "outer-box"
[14:14:04.610] Render complete in 0.209ms, 26 widgets registered
[14:14:04.726]   Hover changed: "outer-box" -> ""
[14:14:04.726]   Calling OnHover(false) on "outer-box"
[14:14:04.726] Render complete in 0.292ms, 26 widgets registered
[14:17:40.342] MouseClickEvent at X=51 Y=19 Button=left
[14:17:40.342]   No widget found at position
[14:17:40.342] === Widget Registry (26 entries) ===
[14:17:40.342]   [0] Key="" Bounds={X:0 Y:0 W:48 H:49} Type=*main.BorderDemo
[14:17:40.342]   [1] Key="" Bounds={X:1 Y:1 W:15 H:1} Type=terma.Text
[14:17:40.342]   [2] Key="" Bounds={X:1 Y:3 W:37 H:5} Type=terma.Row
[14:17:40.342]   [3] Key="" Bounds={X:1 Y:3 W:17 H:5} Type=terma.Text
[14:17:40.342]   [4] Key="" Bounds={X:20 Y:3 W:18 H:5} Type=terma.Text
[14:17:40.342]   [5] Key="" Bounds={X:1 Y:9 W:46 H:6} Type=terma.Row
[14:17:40.342]   [6] Key="" Bounds={X:1 Y:9 W:22 H:6} Type=terma.Column
[14:17:40.342]   [7] Key="" Bounds={X:3 Y:11 W:17 H:1} Type=terma.Text
[14:17:40.342]   [8] Key="" Bounds={X:3 Y:12 W:18 H:1} Type=terma.Text
[14:17:40.342]   [9] Key="" Bounds={X:25 Y:9 W:22 H:6} Type=terma.Column
[14:17:40.342]   [10] Key="" Bounds={X:27 Y:11 W:18 H:1} Type=terma.Text
[14:17:40.342]   [11] Key="" Bounds={X:27 Y:12 W:18 H:1} Type=terma.Text
[14:17:40.342]   [12] Key="" Bounds={X:1 Y:16 W:35 H:5} Type=terma.Row
[14:17:40.342]   [13] Key="" Bounds={X:1 Y:16 W:16 H:5} Type=terma.Text
[14:17:40.342]   [14] Key="" Bounds={X:19 Y:16 W:17 H:5} Type=terma.Text
[14:17:40.342]   [15] Key="" Bounds={X:1 Y:22 W:24 H:6} Type=terma.Column
[14:17:40.342]   [16] Key="" Bounds={X:3 Y:24 W:20 H:1} Type=terma.Text
[14:17:40.342]   [17] Key="" Bounds={X:3 Y:25 W:18 H:1} Type=terma.Text
[14:17:40.342]   [18] Key="outer-box" Bounds={X:1 Y:29 W:32 H:11} Type=terma.Column
[14:17:40.342]   [19] Key="" Bounds={X:3 Y:31 W:15 H:1} Type=terma.Text
[14:17:40.342]   [20] Key="inner-box" Bounds={X:3 Y:33 W:28 H:5} Type=terma.Column
[14:17:40.342]   [21] Key="" Bounds={X:5 Y:35 W:24 H:1} Type=terma.Text
[14:17:40.342]   [22] Key="" Bounds={X:1 Y:41 W:46 H:7} Type=terma.Column
[14:17:40.342]   [23] Key="" Bounds={X:3 Y:43 W:26 H:1} Type=terma.Text
[14:17:40.342]   [24] Key="" Bounds={X:3 Y:44 W:42 H:1} Type=terma.Text
[14:17:40.342]   [25] Key="" Bounds={X:3 Y:45 W:38 H:1} Type=terma.Text
[14:17:40.342] === End Registry ===
[14:17:40.342] Render complete in 0.211ms, 26 widgets registered
[14:17:41.058] Unhandled event: uv.MouseReleaseEvent left
[14:17:44.345] MouseClickEvent at X=41 Y=18 Button=left
[14:17:44.345]   Found widget: Key="" Type=*main.BorderDemo
[14:17:44.345]   Widget is NOT Clickable
[14:17:44.346] Render complete in 0.795ms, 26 widgets registered
[14:17:44.426] Unhandled event: uv.MouseReleaseEvent left
[14:20:27.754] Render complete in 1.118ms, 26 widgets registered
[14:20:27.754] Unhandled event: uv.WindowPixelSizeEvent {1456 1974}
[14:20:27.780] Render complete in 0.682ms, 26 widgets registered
[14:20:27.780] Unhandled event: uv.WindowPixelSizeEvent {1438 1974}
[14:20:27.806] Render complete in 0.615ms, 26 widgets registered
[14:20:27.806] Unhandled event: uv.WindowPixelSizeEvent {1408 1974}
[14:20:27.832] Render complete in 0.808ms, 26 widgets registered
[14:20:27.832] Unhandled event: uv.WindowPixelSizeEvent {1382 1974}
[14:20:27.857] Unhandled event: uv.WindowPixelSizeEvent {1372 1974}
[14:20:27.884] Render complete in 0.694ms, 26 widgets registered
[14:20:27.884] Unhandled event: uv.WindowPixelSizeEvent {1366 1974}
[14:20:27.909] Unhandled event: uv.WindowPixelSizeEvent {1364 1974}
[14:20:27.935] Unhandled event: uv.WindowPixelSizeEvent {1362 1974}
[14:20:28.007] Unhandled event: uv.WindowPixelSizeEvent {1360 1974}
[14:20:28.033] Render complete in 0.498ms, 26 widgets registered
[14:20:28.033] Unhandled event: uv.WindowPixelSizeEvent {1348 1974}
[14:20:28.059] Render complete in 0.676ms, 26 widgets registered
[14:20:28.059] Unhandled event: uv.WindowPixelSizeEvent {1328 1974}
[14:20:28.084] Render complete in 1.027ms, 26 widgets registered
[14:20:28.084] Unhandled event: uv.WindowPixelSizeEvent {1300 1974}
[14:20:28.110] Render complete in 0.756ms, 26 widgets registered
[14:20:28.110] Unhandled event: uv.WindowPixelSizeEvent {1266 1974}
[14:20:28.136] Render complete in 0.713ms, 26 widgets registered
[14:20:28.136] Unhandled event: uv.WindowPixelSizeEvent {1234 1974}
[14:20:28.161] Render complete in 0.688ms, 26 widgets registered
[14:20:28.161] Unhandled event: uv.WindowPixelSizeEvent {1204 1974}
[14:20:28.186] Unhandled event: uv.WindowPixelSizeEvent {1188 1974}
[14:20:28.213] Render complete in 0.597ms, 26 widgets registered
[14:20:28.213] Unhandled event: uv.WindowPixelSizeEvent {1180 1974}
[14:20:28.238] Unhandled event: uv.WindowPixelSizeEvent {1174 1974}
[14:20:28.330] Unhandled event: uv.WindowPixelSizeEvent {1176 1974}
[14:20:28.356] Render complete in 0.597ms, 26 widgets registered
[14:20:28.356] Unhandled event: uv.WindowPixelSizeEvent {1204 1974}
[14:20:28.382] Render complete in 0.903ms, 26 widgets registered
[14:20:28.382] Unhandled event: uv.WindowPixelSizeEvent {1274 1974}
[14:20:28.408] Render complete in 0.811ms, 26 widgets registered
[14:20:28.408] Unhandled event: uv.WindowPixelSizeEvent {1416 1974}
[14:20:28.434] Render complete in 0.834ms, 26 widgets registered
[14:20:28.434] Unhandled event: uv.WindowPixelSizeEvent {1584 1974}
[14:20:28.459] Render complete in 0.742ms, 26 widgets registered
[14:20:28.459] Unhandled event: uv.WindowPixelSizeEvent {1680 1974}
[14:20:28.485] Render complete in 0.993ms, 26 widgets registered
[14:20:28.485] Unhandled event: uv.WindowPixelSizeEvent {1744 1974}
[14:20:28.511] Render complete in 0.974ms, 26 widgets registered
[14:20:28.511] Unhandled event: uv.WindowPixelSizeEvent {1754 1974}
[14:20:29.351] Unhandled event: uv.WindowPixelSizeEvent {1756 1974}
[14:20:29.377] Unhandled event: uv.WindowPixelSizeEvent {1762 1974}
[14:20:29.404] Render complete in 1.650ms, 26 widgets registered
[14:20:29.404] Unhandled event: uv.WindowPixelSizeEvent {1768 1974}
[14:20:29.428] Unhandled event: uv.WindowPixelSizeEvent {1780 1974}
[14:20:29.454] Render complete in 1.222ms, 26 widgets registered
[14:20:29.454] Unhandled event: uv.WindowPixelSizeEvent {1784 1974}
[14:20:29.480] Unhandled event: uv.WindowPixelSizeEvent {1786 1974}
[14:20:29.507] Unhandled event: uv.WindowPixelSizeEvent {1788 1974}
[14:20:29.532] Unhandled event: uv.WindowPixelSizeEvent {1794 1974}
[14:20:29.558] Unhandled event: uv.WindowPixelSizeEvent {1798 1974}
[14:20:29.584] Render complete in 1.065ms, 26 widgets registered
[14:20:29.584] Unhandled event: uv.WindowPixelSizeEvent {1804 1974}
[14:20:29.608] Unhandled event: uv.WindowPixelSizeEvent {1808 1974}
[14:20:29.633] Unhandled event: uv.WindowPixelSizeEvent {1816 1974}
[14:20:29.660] Render complete in 0.930ms, 26 widgets registered
[14:20:29.660] Unhandled event: uv.WindowPixelSizeEvent {1828 1974}
[14:20:29.685] Render complete in 0.944ms, 26 widgets registered
[14:20:29.685] Unhandled event: uv.WindowPixelSizeEvent {1852 1974}
[14:20:29.710] Render complete in 0.885ms, 26 widgets registered
[14:20:29.710] Unhandled event: uv.WindowPixelSizeEvent {1876 1974}
[14:20:29.736] Render complete in 1.217ms, 26 widgets registered
[14:20:29.736] Unhandled event: uv.WindowPixelSizeEvent {1898 1974}
[14:20:29.761] Render complete in 0.812ms, 26 widgets registered
[14:20:29.761] Unhandled event: uv.WindowPixelSizeEvent {1924 1974}
[14:20:29.786] Render complete in 0.845ms, 26 widgets registered
[14:20:29.786] Unhandled event: uv.WindowPixelSizeEvent {1934 1974}
[14:20:29.812] Render complete in 0.800ms, 26 widgets registered
[14:20:29.812] Unhandled event: uv.WindowPixelSizeEvent {1948 1974}
[14:20:29.836] Unhandled event: uv.WindowPixelSizeEvent {1952 1974}
[14:20:29.862] Unhandled event: uv.WindowPixelSizeEvent {1958 1974}
[14:20:29.889] Render complete in 0.766ms, 26 widgets registered
[14:20:29.889] Unhandled event: uv.WindowPixelSizeEvent {1970 1974}
[14:20:29.915] Render complete in 1.134ms, 26 widgets registered
[14:20:29.916] Unhandled event: uv.WindowPixelSizeEvent {1986 1974}
[14:20:29.941] Render complete in 0.879ms, 26 widgets registered
[14:20:29.941] Unhandled event: uv.WindowPixelSizeEvent {1998 1974}
[14:20:29.967] Unhandled event: uv.WindowPixelSizeEvent {2006 1974}
[14:20:29.992] Unhandled event: uv.WindowPixelSizeEvent {2008 1974}
[14:20:30.159] Unhandled event: uv.WindowPixelSizeEvent {2006 1974}
[14:20:30.185] Render complete in 0.871ms, 26 widgets registered
[14:20:30.185] Unhandled event: uv.WindowPixelSizeEvent {1988 1974}
[14:20:30.213] Render complete in 3.054ms, 26 widgets registered
[14:20:30.213] Unhandled event: uv.WindowPixelSizeEvent {1962 1974}
[14:20:30.236] Render complete in 1.006ms, 26 widgets registered
[14:20:30.236] Unhandled event: uv.WindowPixelSizeEvent {1942 1974}
[14:20:30.261] Unhandled event: uv.WindowPixelSizeEvent {1928 1974}
[14:20:30.287] Unhandled event: uv.WindowPixelSizeEvent {1926 1974}
[14:20:42.946] Render complete in 3.015ms, 26 widgets registered
[14:20:42.946] Unhandled event: uv.WindowPixelSizeEvent {1906 1974}
[14:20:42.970] Unhandled event: uv.WindowPixelSizeEvent {1898 1974}
[14:20:42.995] Unhandled event: uv.WindowPixelSizeEvent {1890 1974}
[14:20:43.022] Render complete in 0.709ms, 26 widgets registered
[14:20:43.022] Unhandled event: uv.WindowPixelSizeEvent {1888 1974}
[14:20:43.070] Unhandled event: uv.WindowPixelSizeEvent {1886 1974}
[14:20:43.112] Unhandled event: uv.WindowPixelSizeEvent {1884 1974}
[14:20:43.141] Unhandled event: uv.WindowPixelSizeEvent {1882 1974}
[14:20:43.179] Unhandled event: uv.WindowPixelSizeEvent {1880 1974}
[14:20:43.209] Unhandled event: uv.WindowPixelSizeEvent {1878 1974}
