[17:40:48.399] Logger initialized
[17:40:48.402] SetFocusables: 1 focusable widgets collected
[17:40:48.402]   [0] Key="demo-list" Type=*terma.List[main.ListItem]
[17:40:48.402] SetFocusables: auto-focusing first widget "demo-list"
[17:40:48.404] Render complete in 2.749ms, 306 widgets registered
[17:40:48.405] SetFocusables: 1 focusable widgets collected
[17:40:48.405]   [0] Key="demo-list" Type=*terma.List[main.ListItem]
[17:40:48.407] Render complete in 2.555ms, 306 widgets registered
[17:40:48.407] Unhandled event: uv.WindowPixelSizeEvent {1960 1974}
[17:40:48.735] HandleKey: received key "down"
[17:40:48.735] HandleKey: focused widget is "demo-list" (*terma.List[main.ListItem]), 3 ancestors in chain
[17:40:48.735] HandleKey: calling OnKey on focused widget "demo-list"
[17:40:48.735] HandleKey: key "down" handled by OnKey on focused widget "demo-list"
[17:40:48.738] SetFocusables: 1 focusable widgets collected
[17:40:48.738]   [0] Key="demo-list" Type=*terma.List[main.ListItem]
[17:40:48.739] Render complete in 3.618ms, 306 widgets registered
[17:40:49.154] HandleKey: received key "down"
[17:40:49.154] HandleKey: focused widget is "demo-list" (*terma.List[main.ListItem]), 3 ancestors in chain
[17:40:49.154] HandleKey: calling OnKey on focused widget "demo-list"
[17:40:49.154] HandleKey: key "down" handled by OnKey on focused widget "demo-list"
[17:40:49.156] SetFocusables: 1 focusable widgets collected
[17:40:49.156]   [0] Key="demo-list" Type=*terma.List[main.ListItem]
[17:40:49.157] Render complete in 2.573ms, 306 widgets registered
[17:40:49.190] HandleKey: received key "down"
[17:40:49.190] HandleKey: focused widget is "demo-list" (*terma.List[main.ListItem]), 3 ancestors in chain
[17:40:49.190] HandleKey: calling OnKey on focused widget "demo-list"
[17:40:49.190] HandleKey: key "down" handled by OnKey on focused widget "demo-list"
[17:40:49.191] SetFocusables: 1 focusable widgets collected
[17:40:49.191]   [0] Key="demo-list" Type=*terma.List[main.ListItem]
[17:40:49.191] Render complete in 1.182ms, 306 widgets registered
[17:40:49.219] HandleKey: received key "down"
[17:40:49.219] HandleKey: focused widget is "demo-list" (*terma.List[main.ListItem]), 3 ancestors in chain
[17:40:49.219] HandleKey: calling OnKey on focused widget "demo-list"
[17:40:49.219] HandleKey: key "down" handled by OnKey on focused widget "demo-list"
[17:40:49.219] SetFocusables: 1 focusable widgets collected
[17:40:49.219]   [0] Key="demo-list" Type=*terma.List[main.ListItem]
[17:40:49.220] Render complete in 1.174ms, 306 widgets registered
[17:40:49.259] HandleKey: received key "down"
[17:40:49.259] HandleKey: focused widget is "demo-list" (*terma.List[main.ListItem]), 3 ancestors in chain
[17:40:49.259] HandleKey: calling OnKey on focused widget "demo-list"
[17:40:49.259] HandleKey: key "down" handled by OnKey on focused widget "demo-list"
[17:40:49.260] SetFocusables: 1 focusable widgets collected
[17:40:49.260]   [0] Key="demo-list" Type=*terma.List[main.ListItem]
[17:40:49.260] Render complete in 1.425ms, 306 widgets registered
[17:40:49.292] HandleKey: received key "down"
[17:40:49.292] HandleKey: focused widget is "demo-list" (*terma.List[main.ListItem]), 3 ancestors in chain
[17:40:49.292] HandleKey: calling OnKey on focused widget "demo-list"
[17:40:49.292] HandleKey: key "down" handled by OnKey on focused widget "demo-list"
[17:40:49.293] SetFocusables: 1 focusable widgets collected
[17:40:49.293]   [0] Key="demo-list" Type=*terma.List[main.ListItem]
[17:40:49.295] Render complete in 2.773ms, 306 widgets registered
[17:40:49.317] HandleKey: received key "down"
[17:40:49.317] HandleKey: focused widget is "demo-list" (*terma.List[main.ListItem]), 3 ancestors in chain
[17:40:49.317] HandleKey: calling OnKey on focused widget "demo-list"
[17:40:49.317] HandleKey: key "down" handled by OnKey on focused widget "demo-list"
[17:40:49.317] SetFocusables: 1 focusable widgets collected
[17:40:49.317]   [0] Key="demo-list" Type=*terma.List[main.ListItem]
[17:40:49.318] Render complete in 0.692ms, 306 widgets registered
[17:40:49.351] HandleKey: received key "down"
[17:40:49.360] HandleKey: focused widget is "demo-list" (*terma.List[main.ListItem]), 3 ancestors in chain
[17:40:49.360] HandleKey: calling OnKey on focused widget "demo-list"
[17:40:49.360] HandleKey: key "down" handled by OnKey on focused widget "demo-list"
[17:40:49.365] SetFocusables: 1 focusable widgets collected
[17:40:49.365]   [0] Key="demo-list" Type=*terma.List[main.ListItem]
[17:40:49.366] Render complete in 5.510ms, 306 widgets registered
[17:40:49.388] HandleKey: received key "down"
[17:40:49.388] HandleKey: focused widget is "demo-list" (*terma.List[main.ListItem]), 3 ancestors in chain
[17:40:49.388] HandleKey: calling OnKey on focused widget "demo-list"
[17:40:49.388] HandleKey: key "down" handled by OnKey on focused widget "demo-list"
[17:40:49.389] SetFocusables: 1 focusable widgets collected
[17:40:49.389]   [0] Key="demo-list" Type=*terma.List[main.ListItem]
[17:40:49.389] Render complete in 1.313ms, 306 widgets registered
[17:40:49.419] HandleKey: received key "down"
[17:40:49.419] HandleKey: focused widget is "demo-list" (*terma.List[main.ListItem]), 3 ancestors in chain
[17:40:49.419] HandleKey: calling OnKey on focused widget "demo-list"
[17:40:49.419] HandleKey: key "down" handled by OnKey on focused widget "demo-list"
[17:40:49.420] SetFocusables: 1 focusable widgets collected
[17:40:49.420]   [0] Key="demo-list" Type=*terma.List[main.ListItem]
[17:40:49.420] Render complete in 1.774ms, 306 widgets registered
[17:40:49.453] HandleKey: received key "down"
[17:40:49.453] HandleKey: focused widget is "demo-list" (*terma.List[main.ListItem]), 3 ancestors in chain
[17:40:49.453] HandleKey: calling OnKey on focused widget "demo-list"
[17:40:49.453] HandleKey: key "down" handled by OnKey on focused widget "demo-list"
[17:40:49.454] SetFocusables: 1 focusable widgets collected
[17:40:49.454]   [0] Key="demo-list" Type=*terma.List[main.ListItem]
[17:40:49.455] Render complete in 1.780ms, 306 widgets registered
[17:40:49.489] HandleKey: received key "down"
[17:40:49.489] HandleKey: focused widget is "demo-list" (*terma.List[main.ListItem]), 3 ancestors in chain
[17:40:49.489] HandleKey: calling OnKey on focused widget "demo-list"
[17:40:49.489] HandleKey: key "down" handled by OnKey on focused widget "demo-list"
[17:40:49.490] SetFocusables: 1 focusable widgets collected
[17:40:49.490]   [0] Key="demo-list" Type=*terma.List[main.ListItem]
[17:40:49.491] Render complete in 2.420ms, 306 widgets registered
[17:40:49.526] HandleKey: received key "down"
[17:40:49.529] HandleKey: focused widget is "demo-list" (*terma.List[main.ListItem]), 3 ancestors in chain
[17:40:49.529] HandleKey: calling OnKey on focused widget "demo-list"
[17:40:49.529] HandleKey: key "down" handled by OnKey on focused widget "demo-list"
[17:40:49.531] SetFocusables: 1 focusable widgets collected
[17:40:49.533]   [0] Key="demo-list" Type=*terma.List[main.ListItem]
[17:40:49.534] Render complete in 4.986ms, 306 widgets registered
[17:40:49.556] HandleKey: received key "down"
[17:40:49.556] HandleKey: focused widget is "demo-list" (*terma.List[main.ListItem]), 3 ancestors in chain
[17:40:49.556] HandleKey: calling OnKey on focused widget "demo-list"
[17:40:49.556] HandleKey: key "down" handled by OnKey on focused widget "demo-list"
[17:40:49.557] SetFocusables: 1 focusable widgets collected
[17:40:49.557]   [0] Key="demo-list" Type=*terma.List[main.ListItem]
[17:40:49.557] Render complete in 1.317ms, 306 widgets registered
[17:40:49.590] HandleKey: received key "down"
[17:40:49.590] HandleKey: focused widget is "demo-list" (*terma.List[main.ListItem]), 3 ancestors in chain
[17:40:49.590] HandleKey: calling OnKey on focused widget "demo-list"
[17:40:49.590] HandleKey: key "down" handled by OnKey on focused widget "demo-list"
[17:40:49.591] SetFocusables: 1 focusable widgets collected
[17:40:49.591]   [0] Key="demo-list" Type=*terma.List[main.ListItem]
[17:40:49.592] Render complete in 1.889ms, 306 widgets registered
[17:40:49.622] HandleKey: received key "down"
[17:40:49.622] HandleKey: focused widget is "demo-list" (*terma.List[main.ListItem]), 3 ancestors in chain
[17:40:49.622] HandleKey: calling OnKey on focused widget "demo-list"
[17:40:49.622] HandleKey: key "down" handled by OnKey on focused widget "demo-list"
[17:40:49.624] SetFocusables: 1 focusable widgets collected
[17:40:49.624]   [0] Key="demo-list" Type=*terma.List[main.ListItem]
[17:40:49.624] Render complete in 1.797ms, 306 widgets registered
[17:40:49.656] HandleKey: received key "down"
[17:40:49.656] HandleKey: focused widget is "demo-list" (*terma.List[main.ListItem]), 3 ancestors in chain
[17:40:49.657] HandleKey: calling OnKey on focused widget "demo-list"
[17:40:49.657] HandleKey: key "down" handled by OnKey on focused widget "demo-list"
[17:40:49.658] SetFocusables: 1 focusable widgets collected
[17:40:49.658]   [0] Key="demo-list" Type=*terma.List[main.ListItem]
[17:40:49.658] Render complete in 1.820ms, 306 widgets registered
[17:40:49.689] HandleKey: received key "down"
[17:40:49.689] HandleKey: focused widget is "demo-list" (*terma.List[main.ListItem]), 3 ancestors in chain
[17:40:49.689] HandleKey: calling OnKey on focused widget "demo-list"
[17:40:49.689] HandleKey: key "down" handled by OnKey on focused widget "demo-list"
[17:40:49.690] SetFocusables: 1 focusable widgets collected
[17:40:49.690]   [0] Key="demo-list" Type=*terma.List[main.ListItem]
[17:40:49.691] Render complete in 1.568ms, 306 widgets registered
[17:40:49.815] HandleKey: received key "up"
[17:40:49.815] HandleKey: focused widget is "demo-list" (*terma.List[main.ListItem]), 3 ancestors in chain
[17:40:49.815] HandleKey: calling OnKey on focused widget "demo-list"
[17:40:49.815] HandleKey: key "up" handled by OnKey on focused widget "demo-list"
[17:40:49.817] SetFocusables: 1 focusable widgets collected
[17:40:49.817]   [0] Key="demo-list" Type=*terma.List[main.ListItem]
[17:40:49.818] Render complete in 2.575ms, 306 widgets registered
[17:40:50.235] HandleKey: received key "up"
[17:40:50.235] HandleKey: focused widget is "demo-list" (*terma.List[main.ListItem]), 3 ancestors in chain
[17:40:50.235] HandleKey: calling OnKey on focused widget "demo-list"
[17:40:50.235] HandleKey: key "up" handled by OnKey on focused widget "demo-list"
[17:40:50.238] SetFocusables: 1 focusable widgets collected
[17:40:50.238]   [0] Key="demo-list" Type=*terma.List[main.ListItem]
[17:40:50.239] Render complete in 4.001ms, 306 widgets registered
[17:40:50.268] HandleKey: received key "up"
[17:40:50.269] HandleKey: focused widget is "demo-list" (*terma.List[main.ListItem]), 3 ancestors in chain
[17:40:50.269] HandleKey: calling OnKey on focused widget "demo-list"
[17:40:50.269] HandleKey: key "up" handled by OnKey on focused widget "demo-list"
[17:40:50.270] SetFocusables: 1 focusable widgets collected
[17:40:50.270]   [0] Key="demo-list" Type=*terma.List[main.ListItem]
[17:40:50.271] Render complete in 1.933ms, 306 widgets registered
[17:40:50.300] HandleKey: received key "up"
[17:40:50.300] HandleKey: focused widget is "demo-list" (*terma.List[main.ListItem]), 3 ancestors in chain
[17:40:50.300] HandleKey: calling OnKey on focused widget "demo-list"
[17:40:50.301] HandleKey: key "up" handled by OnKey on focused widget "demo-list"
[17:40:50.302] SetFocusables: 1 focusable widgets collected
[17:40:50.302]   [0] Key="demo-list" Type=*terma.List[main.ListItem]
[17:40:50.302] Render complete in 1.759ms, 306 widgets registered
[17:40:50.333] HandleKey: received key "up"
[17:40:50.333] HandleKey: focused widget is "demo-list" (*terma.List[main.ListItem]), 3 ancestors in chain
[17:40:50.333] HandleKey: calling OnKey on focused widget "demo-list"
[17:40:50.333] HandleKey: key "up" handled by OnKey on focused widget "demo-list"
[17:40:50.334] SetFocusables: 1 focusable widgets collected
[17:40:50.334]   [0] Key="demo-list" Type=*terma.List[main.ListItem]
[17:40:50.335] Render complete in 1.079ms, 306 widgets registered
[17:40:50.367] HandleKey: received key "up"
[17:40:50.367] HandleKey: focused widget is "demo-list" (*terma.List[main.ListItem]), 3 ancestors in chain
[17:40:50.367] HandleKey: calling OnKey on focused widget "demo-list"
[17:40:50.367] HandleKey: key "up" handled by OnKey on focused widget "demo-list"
[17:40:50.367] SetFocusables: 1 focusable widgets collected
[17:40:50.367]   [0] Key="demo-list" Type=*terma.List[main.ListItem]
[17:40:50.367] Render complete in 0.674ms, 306 widgets registered
[17:40:50.402] HandleKey: received key "up"
[17:40:50.402] HandleKey: focused widget is "demo-list" (*terma.List[main.ListItem]), 3 ancestors in chain
[17:40:50.402] HandleKey: calling OnKey on focused widget "demo-list"
[17:40:50.402] HandleKey: key "up" handled by OnKey on focused widget "demo-list"
[17:40:50.403] SetFocusables: 1 focusable widgets collected
[17:40:50.403]   [0] Key="demo-list" Type=*terma.List[main.ListItem]
[17:40:50.403] Render complete in 1.478ms, 306 widgets registered
[17:40:50.434] HandleKey: received key "up"
[17:40:50.434] HandleKey: focused widget is "demo-list" (*terma.List[main.ListItem]), 3 ancestors in chain
[17:40:50.434] HandleKey: calling OnKey on focused widget "demo-list"
[17:40:50.434] HandleKey: key "up" handled by OnKey on focused widget "demo-list"
[17:40:50.435] SetFocusables: 1 focusable widgets collected
[17:40:50.435]   [0] Key="demo-list" Type=*terma.List[main.ListItem]
[17:40:50.435] Render complete in 1.073ms, 306 widgets registered
[17:40:50.468] HandleKey: received key "up"
[17:40:50.468] HandleKey: focused widget is "demo-list" (*terma.List[main.ListItem]), 3 ancestors in chain
[17:40:50.468] HandleKey: calling OnKey on focused widget "demo-list"
[17:40:50.468] HandleKey: key "up" handled by OnKey on focused widget "demo-list"
[17:40:50.468] SetFocusables: 1 focusable widgets collected
[17:40:50.468]   [0] Key="demo-list" Type=*terma.List[main.ListItem]
[17:40:50.468] Render complete in 0.719ms, 306 widgets registered
[17:40:50.509] HandleKey: received key "up"
[17:40:50.509] HandleKey: focused widget is "demo-list" (*terma.List[main.ListItem]), 3 ancestors in chain
[17:40:50.509] HandleKey: calling OnKey on focused widget "demo-list"
[17:40:50.509] HandleKey: key "up" handled by OnKey on focused widget "demo-list"
[17:40:50.510] SetFocusables: 1 focusable widgets collected
[17:40:50.510]   [0] Key="demo-list" Type=*terma.List[main.ListItem]
[17:40:50.511] Render complete in 2.144ms, 306 widgets registered
[17:40:50.542] HandleKey: received key "up"
[17:40:50.542] HandleKey: focused widget is "demo-list" (*terma.List[main.ListItem]), 3 ancestors in chain
[17:40:50.542] HandleKey: calling OnKey on focused widget "demo-list"
[17:40:50.542] HandleKey: key "up" handled by OnKey on focused widget "demo-list"
[17:40:50.543] SetFocusables: 1 focusable widgets collected
[17:40:50.543]   [0] Key="demo-list" Type=*terma.List[main.ListItem]
[17:40:50.544] Render complete in 1.775ms, 306 widgets registered
[17:40:50.567] HandleKey: received key "up"
[17:40:50.567] HandleKey: focused widget is "demo-list" (*terma.List[main.ListItem]), 3 ancestors in chain
[17:40:50.567] HandleKey: calling OnKey on focused widget "demo-list"
[17:40:50.567] HandleKey: key "up" handled by OnKey on focused widget "demo-list"
[17:40:50.568] SetFocusables: 1 focusable widgets collected
[17:40:50.568]   [0] Key="demo-list" Type=*terma.List[main.ListItem]
[17:40:50.568] Render complete in 1.138ms, 306 widgets registered
[17:40:50.601] HandleKey: received key "up"
[17:40:50.601] HandleKey: focused widget is "demo-list" (*terma.List[main.ListItem]), 3 ancestors in chain
[17:40:50.601] HandleKey: calling OnKey on focused widget "demo-list"
[17:40:50.601] HandleKey: key "up" handled by OnKey on focused widget "demo-list"
[17:40:50.601] SetFocusables: 1 focusable widgets collected
[17:40:50.601]   [0] Key="demo-list" Type=*terma.List[main.ListItem]
[17:40:50.602] Render complete in 0.989ms, 306 widgets registered
[17:40:50.635] HandleKey: received key "up"
[17:40:50.635] HandleKey: focused widget is "demo-list" (*terma.List[main.ListItem]), 3 ancestors in chain
[17:40:50.635] HandleKey: calling OnKey on focused widget "demo-list"
[17:40:50.635] HandleKey: key "up" handled by OnKey on focused widget "demo-list"
[17:40:50.635] SetFocusables: 1 focusable widgets collected
[17:40:50.635]   [0] Key="demo-list" Type=*terma.List[main.ListItem]
[17:40:50.636] Render complete in 0.645ms, 306 widgets registered
[17:40:50.667] HandleKey: received key "up"
[17:40:50.667] HandleKey: focused widget is "demo-list" (*terma.List[main.ListItem]), 3 ancestors in chain
[17:40:50.667] HandleKey: calling OnKey on focused widget "demo-list"
[17:40:50.667] HandleKey: key "up" handled by OnKey on focused widget "demo-list"
[17:40:50.668] SetFocusables: 1 focusable widgets collected
[17:40:50.668]   [0] Key="demo-list" Type=*terma.List[main.ListItem]
[17:40:50.668] Render complete in 0.946ms, 306 widgets registered
[17:40:50.701] HandleKey: received key "up"
[17:40:50.701] HandleKey: focused widget is "demo-list" (*terma.List[main.ListItem]), 3 ancestors in chain
[17:40:50.701] HandleKey: calling OnKey on focused widget "demo-list"
[17:40:50.701] HandleKey: key "up" handled by OnKey on focused widget "demo-list"
[17:40:50.702] SetFocusables: 1 focusable widgets collected
[17:40:50.702]   [0] Key="demo-list" Type=*terma.List[main.ListItem]
[17:40:50.702] Render complete in 0.623ms, 306 widgets registered
[17:40:50.733] HandleKey: received key "up"
[17:40:50.733] HandleKey: focused widget is "demo-list" (*terma.List[main.ListItem]), 3 ancestors in chain
[17:40:50.733] HandleKey: calling OnKey on focused widget "demo-list"
[17:40:50.733] HandleKey: key "up" handled by OnKey on focused widget "demo-list"
[17:40:50.734] SetFocusables: 1 focusable widgets collected
[17:40:50.734]   [0] Key="demo-list" Type=*terma.List[main.ListItem]
[17:40:50.734] Render complete in 0.906ms, 306 widgets registered
[17:40:50.767] HandleKey: received key "up"
[17:40:50.767] HandleKey: focused widget is "demo-list" (*terma.List[main.ListItem]), 3 ancestors in chain
[17:40:50.767] HandleKey: calling OnKey on focused widget "demo-list"
[17:40:50.767] HandleKey: key "up" handled by OnKey on focused widget "demo-list"
[17:40:50.767] SetFocusables: 1 focusable widgets collected
[17:40:50.767]   [0] Key="demo-list" Type=*terma.List[main.ListItem]
[17:40:50.768] Render complete in 0.892ms, 306 widgets registered
[17:40:50.809] HandleKey: received key "up"
[17:40:50.809] HandleKey: focused widget is "demo-list" (*terma.List[main.ListItem]), 3 ancestors in chain
[17:40:50.809] HandleKey: calling OnKey on focused widget "demo-list"
[17:40:50.809] HandleKey: key "up" handled by OnKey on focused widget "demo-list"
[17:40:50.811] SetFocusables: 1 focusable widgets collected
[17:40:50.811]   [0] Key="demo-list" Type=*terma.List[main.ListItem]
[17:40:50.811] Render complete in 2.703ms, 306 widgets registered
[17:40:50.842] HandleKey: received key "up"
[17:40:50.842] HandleKey: focused widget is "demo-list" (*terma.List[main.ListItem]), 3 ancestors in chain
[17:40:50.842] HandleKey: calling OnKey on focused widget "demo-list"
[17:40:50.842] HandleKey: key "up" handled by OnKey on focused widget "demo-list"
[17:40:50.844] SetFocusables: 1 focusable widgets collected
[17:40:50.844]   [0] Key="demo-list" Type=*terma.List[main.ListItem]
[17:40:50.845] Render complete in 3.365ms, 306 widgets registered
[17:40:50.867] HandleKey: received key "up"
[17:40:50.867] HandleKey: focused widget is "demo-list" (*terma.List[main.ListItem]), 3 ancestors in chain
[17:40:50.867] HandleKey: calling OnKey on focused widget "demo-list"
[17:40:50.867] HandleKey: key "up" handled by OnKey on focused widget "demo-list"
[17:40:50.868] SetFocusables: 1 focusable widgets collected
[17:40:50.868]   [0] Key="demo-list" Type=*terma.List[main.ListItem]
[17:40:50.868] Render complete in 0.986ms, 306 widgets registered
[17:40:50.901] HandleKey: received key "up"
[17:40:50.901] HandleKey: focused widget is "demo-list" (*terma.List[main.ListItem]), 3 ancestors in chain
[17:40:50.901] HandleKey: calling OnKey on focused widget "demo-list"
[17:40:50.901] HandleKey: key "up" handled by OnKey on focused widget "demo-list"
[17:40:50.901] SetFocusables: 1 focusable widgets collected
[17:40:50.901]   [0] Key="demo-list" Type=*terma.List[main.ListItem]
[17:40:50.901] Render complete in 0.758ms, 306 widgets registered
[17:40:51.198] HandleKey: received key "enter"
[17:40:51.198] HandleKey: focused widget is "demo-list" (*terma.List[main.ListItem]), 3 ancestors in chain
[17:40:51.198] HandleKey: calling OnKey on focused widget "demo-list"
[17:40:51.198] HandleKey: focused widget "demo-list" did not handle key, bubbling up
[17:40:51.198] HandleKey: calling OnKey on ancestor "demo-list" (*terma.List[main.ListItem])
[17:40:51.198] HandleKey: calling OnKey on ancestor "list-scroll" (*terma.Scrollable)
[17:40:51.198] HandleKey: checking keybindings on ancestor "" (*main.ListDemo)
[17:40:51.198] HandleKey: key "enter" not handled by any widget
[17:40:51.200] SetFocusables: 1 focusable widgets collected
[17:40:51.200]   [0] Key="demo-list" Type=*terma.List[main.ListItem]
[17:40:51.201] Render complete in 2.680ms, 306 widgets registered
[17:40:52.207] HandleKey: received key "esc"
[17:40:52.207] HandleKey: focused widget is "demo-list" (*terma.List[main.ListItem]), 3 ancestors in chain
[17:40:52.207] HandleKey: calling OnKey on focused widget "demo-list"
[17:40:52.207] HandleKey: focused widget "demo-list" did not handle key, bubbling up
[17:40:52.207] HandleKey: calling OnKey on ancestor "demo-list" (*terma.List[main.ListItem])
[17:40:52.207] HandleKey: calling OnKey on ancestor "list-scroll" (*terma.Scrollable)
[17:40:52.207] HandleKey: checking keybindings on ancestor "" (*main.ListDemo)
[17:40:52.207] HandleKey: key "esc" not handled by any widget
[17:40:52.210] SetFocusables: 1 focusable widgets collected
[17:40:52.210]   [0] Key="demo-list" Type=*terma.List[main.ListItem]
[17:40:52.211] Render complete in 4.007ms, 306 widgets registered
